  [1m[35m (285.5ms)[0m  [1m[35mCREATE DATABASE "books_app_api_development" ENCODING = 'unicode'[0m
  [1m[35m (133.2ms)[0m  [1m[35mCREATE DATABASE "books_app_api_test" ENCODING = 'unicode'[0m
  [1m[35m (11.7ms)[0m  [1m[35mCREATE TABLE "schema_migrations" ("version" character varying NOT NULL PRIMARY KEY)[0m
  [1m[35m (7.8ms)[0m  [1m[35mCREATE TABLE "ar_internal_metadata" ("key" character varying NOT NULL PRIMARY KEY, "value" character varying, "created_at" timestamp(6) NOT NULL, "updated_at" timestamp(6) NOT NULL)[0m
  [1m[35m (0.8ms)[0m  [1m[34mSELECT pg_try_advisory_lock(1462267875387580695)[0m
  [1m[35m (1.5ms)[0m  [1m[34mSELECT "schema_migrations"."version" FROM "schema_migrations" ORDER BY "schema_migrations"."version" ASC[0m
Migrating to CreateBooks (20200918185710)
  [1m[35m (1.2ms)[0m  [1m[35mBEGIN[0m
  [1m[35m (13.0ms)[0m  [1m[35mCREATE TABLE "books" ("id" bigserial primary key, "title" character varying, "author" character varying, "genre" character varying, "publisher" character varying, "publish_date" date, "created_at" timestamp(6) NOT NULL, "updated_at" timestamp(6) NOT NULL)[0m
  [1m[36mprimary::SchemaMigration Create (8.1ms)[0m  [1m[32mINSERT INTO "schema_migrations" ("version") VALUES ($1) RETURNING "version"[0m  [["version", "20200918185710"]]
  [1m[35m (36.8ms)[0m  [1m[35mCOMMIT[0m
  [1m[36mActiveRecord::InternalMetadata Load (1.4ms)[0m  [1m[34mSELECT "ar_internal_metadata".* FROM "ar_internal_metadata" WHERE "ar_internal_metadata"."key" = $1 LIMIT $2[0m  [["key", "environment"], ["LIMIT", 1]]
  [1m[35m (0.2ms)[0m  [1m[35mBEGIN[0m
  [1m[36mActiveRecord::InternalMetadata Create (90.2ms)[0m  [1m[32mINSERT INTO "ar_internal_metadata" ("key", "value", "created_at", "updated_at") VALUES ($1, $2, $3, $4) RETURNING "key"[0m  [["key", "environment"], ["value", "development"], ["created_at", "2020-09-18 18:59:29.067266"], ["updated_at", "2020-09-18 18:59:29.067266"]]
  [1m[35m (0.9ms)[0m  [1m[35mCOMMIT[0m
  [1m[35m (0.9ms)[0m  [1m[34mSELECT pg_advisory_unlock(1462267875387580695)[0m
  [1m[35m (2.2ms)[0m  [1m[34mSELECT "schema_migrations"."version" FROM "schema_migrations" ORDER BY "schema_migrations"."version" ASC[0m
  [1m[35m (3.4ms)[0m  [1m[34mSELECT "schema_migrations"."version" FROM "schema_migrations" ORDER BY "schema_migrations"."version" ASC[0m
  [1m[35m (1.6ms)[0m  [1m[34mSELECT "schema_migrations"."version" FROM "schema_migrations" ORDER BY "schema_migrations"."version" ASC[0m
  [1m[35m (0.3ms)[0m  [1m[35mBEGIN[0m
  [1m[36mBook Create (2.5ms)[0m  [1m[32mINSERT INTO "books" ("title", "author", "genre", "publisher", "publish_date", "created_at", "updated_at") VALUES ($1, $2, $3, $4, $5, $6, $7) RETURNING "id"[0m  [["title", "Gone with the Wind"], ["author", "Raymon Hoppe"], ["genre", "Western"], ["publisher", "Papadakis Publisher"], ["publish_date", "2020-03-07"], ["created_at", "2020-09-18 19:07:02.513380"], ["updated_at", "2020-09-18 19:07:02.513380"]]
  [1m[35m (0.6ms)[0m  [1m[35mCOMMIT[0m
  [1m[35m (0.3ms)[0m  [1m[35mBEGIN[0m
  [1m[36mBook Create (0.6ms)[0m  [1m[32mINSERT INTO "books" ("title", "author", "genre", "publisher", "publish_date", "created_at", "updated_at") VALUES ($1, $2, $3, $4, $5, $6, $7) RETURNING "id"[0m  [["title", "Many Waters"], ["author", "Carey Green"], ["genre", "Crime/Detective"], ["publisher", "Salt Publishing"], ["publish_date", "2020-04-12"], ["created_at", "2020-09-18 19:07:02.530720"], ["updated_at", "2020-09-18 19:07:02.530720"]]
  [1m[35m (0.4ms)[0m  [1m[35mCOMMIT[0m
  [1m[35m (0.2ms)[0m  [1m[35mBEGIN[0m
  [1m[36mBook Create (0.7ms)[0m  [1m[32mINSERT INTO "books" ("title", "author", "genre", "publisher", "publish_date", "created_at", "updated_at") VALUES ($1, $2, $3, $4, $5, $6, $7) RETURNING "id"[0m  [["title", "To Say Nothing of the Dog"], ["author", "Donald Kessler"], ["genre", "Tall tale"], ["publisher", "Book Works"], ["publish_date", "2019-11-27"], ["created_at", "2020-09-18 19:07:02.539148"], ["updated_at", "2020-09-18 19:07:02.539148"]]
  [1m[35m (0.6ms)[0m  [1m[35mCOMMIT[0m
  [1m[35m (0.4ms)[0m  [1m[35mBEGIN[0m
  [1m[36mBook Create (0.9ms)[0m  [1m[32mINSERT INTO "books" ("title", "author", "genre", "publisher", "publish_date", "created_at", "updated_at") VALUES ($1, $2, $3, $4, $5, $6, $7) RETURNING "id"[0m  [["title", "A Monstrous Regiment of Women"], ["author", "Rev. Sung Schiller"], ["genre", "Mystery"], ["publisher", "Airiti Press"], ["publish_date", "2020-04-08"], ["created_at", "2020-09-18 19:07:02.551165"], ["updated_at", "2020-09-18 19:07:02.551165"]]
  [1m[35m (0.4ms)[0m  [1m[35mCOMMIT[0m
  [1m[35m (0.3ms)[0m  [1m[35mBEGIN[0m
  [1m[36mBook Create (0.8ms)[0m  [1m[32mINSERT INTO "books" ("title", "author", "genre", "publisher", "publish_date", "created_at", "updated_at") VALUES ($1, $2, $3, $4, $5, $6, $7) RETURNING "id"[0m  [["title", "Many Waters"], ["author", "Jarvis Nikolaus"], ["genre", "Comic/Graphic Novel"], ["publisher", "Holland Park Press"], ["publish_date", "2019-11-17"], ["created_at", "2020-09-18 19:07:02.560151"], ["updated_at", "2020-09-18 19:07:02.560151"]]
  [1m[35m (1.7ms)[0m  [1m[35mCOMMIT[0m
  [1m[35m (0.2ms)[0m  [1m[35mBEGIN[0m
  [1m[36mBook Create (0.4ms)[0m  [1m[32mINSERT INTO "books" ("title", "author", "genre", "publisher", "publish_date", "created_at", "updated_at") VALUES ($1, $2, $3, $4, $5, $6, $7) RETURNING "id"[0m  [["title", "Vanity Fair"], ["author", "Mr. Laurette Hane"], ["genre", "Tall tale"], ["publisher", "Tartarus Press"], ["publish_date", "2020-07-22"], ["created_at", "2020-09-18 19:07:02.572241"], ["updated_at", "2020-09-18 19:07:02.572241"]]
  [1m[35m (0.4ms)[0m  [1m[35mCOMMIT[0m
  [1m[35m (0.4ms)[0m  [1m[35mBEGIN[0m
  [1m[36mBook Create (0.8ms)[0m  [1m[32mINSERT INTO "books" ("title", "author", "genre", "publisher", "publish_date", "created_at", "updated_at") VALUES ($1, $2, $3, $4, $5, $6, $7) RETURNING "id"[0m  [["title", "Everything is Illuminated"], ["author", "The Hon. Karmen Mayer"], ["genre", "Mystery"], ["publisher", "Borgo Press"], ["publish_date", "2020-02-23"], ["created_at", "2020-09-18 19:07:02.578464"], ["updated_at", "2020-09-18 19:07:02.578464"]]
  [1m[35m (0.5ms)[0m  [1m[35mCOMMIT[0m
  [1m[35m (0.2ms)[0m  [1m[35mBEGIN[0m
  [1m[36mBook Create (0.7ms)[0m  [1m[32mINSERT INTO "books" ("title", "author", "genre", "publisher", "publish_date", "created_at", "updated_at") VALUES ($1, $2, $3, $4, $5, $6, $7) RETURNING "id"[0m  [["title", "A Handful of Dust"], ["author", "Orville Herman JD"], ["genre", "Realistic fiction"], ["publisher", "Shire Books"], ["publish_date", "2019-12-26"], ["created_at", "2020-09-18 19:07:02.589887"], ["updated_at", "2020-09-18 19:07:02.589887"]]
  [1m[35m (0.5ms)[0m  [1m[35mCOMMIT[0m
  [1m[35m (0.2ms)[0m  [1m[35mBEGIN[0m
  [1m[36mBook Create (0.6ms)[0m  [1m[32mINSERT INTO "books" ("title", "author", "genre", "publisher", "publish_date", "created_at", "updated_at") VALUES ($1, $2, $3, $4, $5, $6, $7) RETURNING "id"[0m  [["title", "Lilies of the Field"], ["author", "Willis Hagenes"], ["genre", "Folklore"], ["publisher", "Pathfinder Press"], ["publish_date", "2020-08-20"], ["created_at", "2020-09-18 19:07:02.604365"], ["updated_at", "2020-09-18 19:07:02.604365"]]
  [1m[35m (0.4ms)[0m  [1m[35mCOMMIT[0m
  [1m[35m (0.2ms)[0m  [1m[35mBEGIN[0m
  [1m[36mBook Create (0.6ms)[0m  [1m[32mINSERT INTO "books" ("title", "author", "genre", "publisher", "publish_date", "created_at", "updated_at") VALUES ($1, $2, $3, $4, $5, $6, $7) RETURNING "id"[0m  [["title", "The Wind's Twelve Quarters"], ["author", "Fr. Jerrell Zieme"], ["genre", "Fairy tale"], ["publisher", "Book Works"], ["publish_date", "2019-10-20"], ["created_at", "2020-09-18 19:07:02.611305"], ["updated_at", "2020-09-18 19:07:02.611305"]]
  [1m[35m (0.7ms)[0m  [1m[35mCOMMIT[0m
  [1m[35m (0.2ms)[0m  [1m[35mBEGIN[0m
  [1m[36mBook Create (0.5ms)[0m  [1m[32mINSERT INTO "books" ("title", "author", "genre", "publisher", "publish_date", "created_at", "updated_at") VALUES ($1, $2, $3, $4, $5, $6, $7) RETURNING "id"[0m  [["title", "The Last Enemy"], ["author", "Stanley Pacocha"], ["genre", "Mystery"], ["publisher", "Unfinished Monument Press"], ["publish_date", "2019-09-24"], ["created_at", "2020-09-18 19:07:02.618902"], ["updated_at", "2020-09-18 19:07:02.618902"]]
  [1m[35m (0.5ms)[0m  [1m[35mCOMMIT[0m
  [1m[35m (0.2ms)[0m  [1m[35mBEGIN[0m
  [1m[36mBook Create (0.5ms)[0m  [1m[32mINSERT INTO "books" ("title", "author", "genre", "publisher", "publish_date", "created_at", "updated_at") VALUES ($1, $2, $3, $4, $5, $6, $7) RETURNING "id"[0m  [["title", "All Passion Spent"], ["author", "Jenice Waters"], ["genre", "Horror"], ["publisher", "Open Court Publishing Company"], ["publish_date", "2019-10-02"], ["created_at", "2020-09-18 19:07:02.656846"], ["updated_at", "2020-09-18 19:07:02.656846"]]
  [1m[35m (0.5ms)[0m  [1m[35mCOMMIT[0m
  [1m[35m (0.2ms)[0m  [1m[35mBEGIN[0m
  [1m[36mBook Create (0.7ms)[0m  [1m[32mINSERT INTO "books" ("title", "author", "genre", "publisher", "publish_date", "created_at", "updated_at") VALUES ($1, $2, $3, $4, $5, $6, $7) RETURNING "id"[0m  [["title", "Now Sleeps the Crimson Petal"], ["author", "Linn Barton"], ["genre", "Crime/Detective"], ["publisher", "University of California Press"], ["publish_date", "2020-04-04"], ["created_at", "2020-09-18 19:07:02.665033"], ["updated_at", "2020-09-18 19:07:02.665033"]]
  [1m[35m (0.5ms)[0m  [1m[35mCOMMIT[0m
  [1m[35m (0.2ms)[0m  [1m[35mBEGIN[0m
  [1m[36mBook Create (0.6ms)[0m  [1m[32mINSERT INTO "books" ("title", "author", "genre", "publisher", "publish_date", "created_at", "updated_at") VALUES ($1, $2, $3, $4, $5, $6, $7) RETURNING "id"[0m  [["title", "Down to a Sunless Sea"], ["author", "Sen. Ettie Hills"], ["genre", "Fiction in verse"], ["publisher", "Seagull Books"], ["publish_date", "2019-09-24"], ["created_at", "2020-09-18 19:07:02.672080"], ["updated_at", "2020-09-18 19:07:02.672080"]]
  [1m[35m (0.5ms)[0m  [1m[35mCOMMIT[0m
  [1m[35m (0.2ms)[0m  [1m[35mBEGIN[0m
  [1m[36mBook Create (0.6ms)[0m  [1m[32mINSERT INTO "books" ("title", "author", "genre", "publisher", "publish_date", "created_at", "updated_at") VALUES ($1, $2, $3, $4, $5, $6, $7) RETURNING "id"[0m  [["title", "Recalled to Life"], ["author", "Gino Kuhlman"], ["genre", "Textbook"], ["publisher", "Carlton Books"], ["publish_date", "2019-12-17"], ["created_at", "2020-09-18 19:07:02.678092"], ["updated_at", "2020-09-18 19:07:02.678092"]]
  [1m[35m (0.6ms)[0m  [1m[35mCOMMIT[0m
  [1m[35m (0.2ms)[0m  [1m[35mBEGIN[0m
  [1m[36mBook Create (0.5ms)[0m  [1m[32mINSERT INTO "books" ("title", "author", "genre", "publisher", "publish_date", "created_at", "updated_at") VALUES ($1, $2, $3, $4, $5, $6, $7) RETURNING "id"[0m  [["title", "To a God Unknown"], ["author", "Camille Bechtelar"], ["genre", "Biography/Autobiography"], ["publisher", "Focal Press"], ["publish_date", "2020-05-17"], ["created_at", "2020-09-18 19:07:02.686000"], ["updated_at", "2020-09-18 19:07:02.686000"]]
  [1m[35m (0.5ms)[0m  [1m[35mCOMMIT[0m
  [1m[35m (0.2ms)[0m  [1m[35mBEGIN[0m
  [1m[36mBook Create (1.2ms)[0m  [1m[32mINSERT INTO "books" ("title", "author", "genre", "publisher", "publish_date", "created_at", "updated_at") VALUES ($1, $2, $3, $4, $5, $6, $7) RETURNING "id"[0m  [["title", "Ring of Bright Water"], ["author", "Ahmad Fritsch"], ["genre", "Comic/Graphic Novel"], ["publisher", "University of Alaska Press"], ["publish_date", "2020-06-23"], ["created_at", "2020-09-18 19:07:02.694761"], ["updated_at", "2020-09-18 19:07:02.694761"]]
  [1m[35m (0.6ms)[0m  [1m[35mCOMMIT[0m
  [1m[35m (0.2ms)[0m  [1m[35mBEGIN[0m
  [1m[36mBook Create (0.6ms)[0m  [1m[32mINSERT INTO "books" ("title", "author", "genre", "publisher", "publish_date", "created_at", "updated_at") VALUES ($1, $2, $3, $4, $5, $6, $7) RETURNING "id"[0m  [["title", "The Wings of the Dove"], ["author", "Fr. Genaro Ondricka"], ["genre", "Reference book"], ["publisher", "Caister Academic Press"], ["publish_date", "2020-07-24"], ["created_at", "2020-09-18 19:07:02.702949"], ["updated_at", "2020-09-18 19:07:02.702949"]]
  [1m[35m (0.8ms)[0m  [1m[35mCOMMIT[0m
  [1m[35m (0.2ms)[0m  [1m[35mBEGIN[0m
  [1m[36mBook Create (15.9ms)[0m  [1m[32mINSERT INTO "books" ("title", "author", "genre", "publisher", "publish_date", "created_at", "updated_at") VALUES ($1, $2, $3, $4, $5, $6, $7) RETURNING "id"[0m  [["title", "A Many-Splendoured Thing"], ["author", "Mr. Rolland Erdman"], ["genre", "Fantasy"], ["publisher", "Shuter & Shooter Publishers"], ["publish_date", "2020-05-09"], ["created_at", "2020-09-18 19:07:02.720019"], ["updated_at", "2020-09-18 19:07:02.720019"]]
  [1m[35m (0.6ms)[0m  [1m[35mCOMMIT[0m
  [1m[35m (0.3ms)[0m  [1m[35mBEGIN[0m
  [1m[36mBook Create (0.4ms)[0m  [1m[32mINSERT INTO "books" ("title", "author", "genre", "publisher", "publish_date", "created_at", "updated_at") VALUES ($1, $2, $3, $4, $5, $6, $7) RETURNING "id"[0m  [["title", "Consider Phlebas"], ["author", "Chloe Gleason CPA"], ["genre", "Legend"], ["publisher", "Vintage Books at Random House"], ["publish_date", "2020-03-17"], ["created_at", "2020-09-18 19:07:02.754432"], ["updated_at", "2020-09-18 19:07:02.754432"]]
  [1m[35m (0.5ms)[0m  [1m[35mCOMMIT[0m
  [1m[35m (0.2ms)[0m  [1m[35mBEGIN[0m
  [1m[36mBook Create (1.3ms)[0m  [1m[32mINSERT INTO "books" ("title", "author", "genre", "publisher", "publish_date", "created_at", "updated_at") VALUES ($1, $2, $3, $4, $5, $6, $7) RETURNING "id"[0m  [["title", "An Instant In The Wind"], ["author", "Mrs. Murray Adams"], ["genre", "Classic"], ["publisher", "Ballantine Books"], ["publish_date", "2019-12-12"], ["created_at", "2020-09-18 19:07:02.760195"], ["updated_at", "2020-09-18 19:07:02.760195"]]
  [1m[35m (0.6ms)[0m  [1m[35mCOMMIT[0m
  [1m[35m (0.2ms)[0m  [1m[35mBEGIN[0m
  [1m[36mBook Create (0.4ms)[0m  [1m[32mINSERT INTO "books" ("title", "author", "genre", "publisher", "publish_date", "created_at", "updated_at") VALUES ($1, $2, $3, $4, $5, $6, $7) RETURNING "id"[0m  [["title", "Alone on a Wide, Wide Sea"], ["author", "Quintin Wilderman"], ["genre", "Tall tale"], ["publisher", "Harvest House"], ["publish_date", "2020-02-11"], ["created_at", "2020-09-18 19:07:02.771266"], ["updated_at", "2020-09-18 19:07:02.771266"]]
  [1m[35m (0.4ms)[0m  [1m[35mCOMMIT[0m
  [1m[35m (0.2ms)[0m  [1m[35mBEGIN[0m
  [1m[36mBook Create (0.9ms)[0m  [1m[32mINSERT INTO "books" ("title", "author", "genre", "publisher", "publish_date", "created_at", "updated_at") VALUES ($1, $2, $3, $4, $5, $6, $7) RETURNING "id"[0m  [["title", "Cabbages and Kings"], ["author", "The Hon. Gil Larson"], ["genre", "Legend"], ["publisher", "Harper & Brothers"], ["publish_date", "2019-12-10"], ["created_at", "2020-09-18 19:07:02.776241"], ["updated_at", "2020-09-18 19:07:02.776241"]]
  [1m[35m (0.4ms)[0m  [1m[35mCOMMIT[0m
  [1m[35m (0.3ms)[0m  [1m[35mBEGIN[0m
  [1m[36mBook Create (0.5ms)[0m  [1m[32mINSERT INTO "books" ("title", "author", "genre", "publisher", "publish_date", "created_at", "updated_at") VALUES ($1, $2, $3, $4, $5, $6, $7) RETURNING "id"[0m  [["title", "The Millstone"], ["author", "Florinda Spencer"], ["genre", "Historical fiction"], ["publisher", "E. P. Dutton"], ["publish_date", "2020-05-11"], ["created_at", "2020-09-18 19:07:02.786647"], ["updated_at", "2020-09-18 19:07:02.786647"]]
  [1m[35m (0.5ms)[0m  [1m[35mCOMMIT[0m
  [1m[35m (0.4ms)[0m  [1m[35mBEGIN[0m
  [1m[36mBook Create (0.7ms)[0m  [1m[32mINSERT INTO "books" ("title", "author", "genre", "publisher", "publish_date", "created_at", "updated_at") VALUES ($1, $2, $3, $4, $5, $6, $7) RETURNING "id"[0m  [["title", "All the King's Men"], ["author", "Shantae Lesch"], ["genre", "Suspense/Thriller"], ["publisher", "Focal Press"], ["publish_date", "2020-03-10"], ["created_at", "2020-09-18 19:07:02.798710"], ["updated_at", "2020-09-18 19:07:02.798710"]]
  [1m[35m (0.6ms)[0m  [1m[35mCOMMIT[0m
  [1m[35m (0.2ms)[0m  [1m[35mBEGIN[0m
  [1m[36mBook Create (0.4ms)[0m  [1m[32mINSERT INTO "books" ("title", "author", "genre", "publisher", "publish_date", "created_at", "updated_at") VALUES ($1, $2, $3, $4, $5, $6, $7) RETURNING "id"[0m  [["title", "An Evil Cradling"], ["author", "Lamonica Cormier"], ["genre", "Fairy tale"], ["publisher", "New Holland Publishers"], ["publish_date", "2020-06-28"], ["created_at", "2020-09-18 19:07:02.807376"], ["updated_at", "2020-09-18 19:07:02.807376"]]
  [1m[35m (0.4ms)[0m  [1m[35mCOMMIT[0m
  [1m[35m (0.2ms)[0m  [1m[35mBEGIN[0m
  [1m[36mBook Create (0.6ms)[0m  [1m[32mINSERT INTO "books" ("title", "author", "genre", "publisher", "publish_date", "created_at", "updated_at") VALUES ($1, $2, $3, $4, $5, $6, $7) RETURNING "id"[0m  [["title", "Ring of Bright Water"], ["author", "Donny Kris IV"], ["genre", "Metafiction"], ["publisher", "Atheneum Publishers"], ["publish_date", "2020-07-29"], ["created_at", "2020-09-18 19:07:02.813928"], ["updated_at", "2020-09-18 19:07:02.813928"]]
  [1m[35m (0.7ms)[0m  [1m[35mCOMMIT[0m
  [1m[35m (0.1ms)[0m  [1m[35mBEGIN[0m
  [1m[36mBook Create (0.6ms)[0m  [1m[32mINSERT INTO "books" ("title", "author", "genre", "publisher", "publish_date", "created_at", "updated_at") VALUES ($1, $2, $3, $4, $5, $6, $7) RETURNING "id"[0m  [["title", "Unweaving the Rainbow"], ["author", "Bryon Torp"], ["genre", "Mythology"], ["publisher", "Medknow Publications"], ["publish_date", "2019-12-16"], ["created_at", "2020-09-18 19:07:02.819885"], ["updated_at", "2020-09-18 19:07:02.819885"]]
  [1m[35m (0.3ms)[0m  [1m[35mCOMMIT[0m
  [1m[35m (0.2ms)[0m  [1m[35mBEGIN[0m
  [1m[36mBook Create (1.1ms)[0m  [1m[32mINSERT INTO "books" ("title", "author", "genre", "publisher", "publish_date", "created_at", "updated_at") VALUES ($1, $2, $3, $4, $5, $6, $7) RETURNING "id"[0m  [["title", "To Say Nothing of the Dog"], ["author", "Penny Olson I"], ["genre", "Fantasy"], ["publisher", "Cengage Learning"], ["publish_date", "2019-12-22"], ["created_at", "2020-09-18 19:07:02.825305"], ["updated_at", "2020-09-18 19:07:02.825305"]]
  [1m[35m (0.7ms)[0m  [1m[35mCOMMIT[0m
  [1m[35m (0.2ms)[0m  [1m[35mBEGIN[0m
  [1m[36mBook Create (0.5ms)[0m  [1m[32mINSERT INTO "books" ("title", "author", "genre", "publisher", "publish_date", "created_at", "updated_at") VALUES ($1, $2, $3, $4, $5, $6, $7) RETURNING "id"[0m  [["title", "The Sun Also Rises"], ["author", "Lee Satterfield"], ["genre", "Biography/Autobiography"], ["publisher", "Shambhala Publications"], ["publish_date", "2019-12-29"], ["created_at", "2020-09-18 19:07:02.833126"], ["updated_at", "2020-09-18 19:07:02.833126"]]
  [1m[35m (0.6ms)[0m  [1m[35mCOMMIT[0m
  [1m[35m (0.1ms)[0m  [1m[35mBEGIN[0m
  [1m[36mBook Create (0.4ms)[0m  [1m[32mINSERT INTO "books" ("title", "author", "genre", "publisher", "publish_date", "created_at", "updated_at") VALUES ($1, $2, $3, $4, $5, $6, $7) RETURNING "id"[0m  [["title", "The Moon by Night"], ["author", "Bunny Turner"], ["genre", "Folklore"], ["publisher", "Gefen Publishing House"], ["publish_date", "2020-08-31"], ["created_at", "2020-09-18 19:07:02.838874"], ["updated_at", "2020-09-18 19:07:02.838874"]]
  [1m[35m (0.5ms)[0m  [1m[35mCOMMIT[0m
  [1m[35m (0.9ms)[0m  [1m[35mBEGIN[0m
  [1m[36mBook Create (0.6ms)[0m  [1m[32mINSERT INTO "books" ("title", "author", "genre", "publisher", "publish_date", "created_at", "updated_at") VALUES ($1, $2, $3, $4, $5, $6, $7) RETURNING "id"[0m  [["title", "Cover Her Face"], ["author", "Prof. Armand Roob"], ["genre", "Fiction narrative"], ["publisher", "Tarpaulin Sky Press"], ["publish_date", "2019-12-31"], ["created_at", "2020-09-18 19:07:02.846567"], ["updated_at", "2020-09-18 19:07:02.846567"]]
  [1m[35m (0.5ms)[0m  [1m[35mCOMMIT[0m
  [1m[35m (0.2ms)[0m  [1m[35mBEGIN[0m
  [1m[36mBook Create (0.5ms)[0m  [1m[32mINSERT INTO "books" ("title", "author", "genre", "publisher", "publish_date", "created_at", "updated_at") VALUES ($1, $2, $3, $4, $5, $6, $7) RETURNING "id"[0m  [["title", "The Wings of the Dove"], ["author", "Osvaldo Wolff"], ["genre", "Crime/Detective"], ["publisher", "G-Unit Books"], ["publish_date", "2019-11-20"], ["created_at", "2020-09-18 19:07:02.855212"], ["updated_at", "2020-09-18 19:07:02.855212"]]
  [1m[35m (0.5ms)[0m  [1m[35mCOMMIT[0m
  [1m[35m (0.2ms)[0m  [1m[35mBEGIN[0m
  [1m[36mBook Create (0.7ms)[0m  [1m[32mINSERT INTO "books" ("title", "author", "genre", "publisher", "publish_date", "created_at", "updated_at") VALUES ($1, $2, $3, $4, $5, $6, $7) RETURNING "id"[0m  [["title", "Moab Is My Washpot"], ["author", "Dorcas Nikolaus"], ["genre", "Fanfiction"], ["publisher", "Harcourt Trade Publishers"], ["publish_date", "2020-02-10"], ["created_at", "2020-09-18 19:07:02.862480"], ["updated_at", "2020-09-18 19:07:02.862480"]]
  [1m[35m (0.5ms)[0m  [1m[35mCOMMIT[0m
  [1m[35m (0.2ms)[0m  [1m[35mBEGIN[0m
  [1m[36mBook Create (0.4ms)[0m  [1m[32mINSERT INTO "books" ("title", "author", "genre", "publisher", "publish_date", "created_at", "updated_at") VALUES ($1, $2, $3, $4, $5, $6, $7) RETURNING "id"[0m  [["title", "The Painted Veil"], ["author", "Monroe Wisozk"], ["genre", "Short story"], ["publisher", "Atlantic Books"], ["publish_date", "2020-01-09"], ["created_at", "2020-09-18 19:07:02.871257"], ["updated_at", "2020-09-18 19:07:02.871257"]]
  [1m[35m (0.3ms)[0m  [1m[35mCOMMIT[0m
  [1m[35m (0.1ms)[0m  [1m[35mBEGIN[0m
  [1m[36mBook Create (0.6ms)[0m  [1m[32mINSERT INTO "books" ("title", "author", "genre", "publisher", "publish_date", "created_at", "updated_at") VALUES ($1, $2, $3, $4, $5, $6, $7) RETURNING "id"[0m  [["title", "Lilies of the Field"], ["author", "Dorinda Turcotte"], ["genre", "Fiction narrative"], ["publisher", "Paulist Press"], ["publish_date", "2019-10-30"], ["created_at", "2020-09-18 19:07:02.876834"], ["updated_at", "2020-09-18 19:07:02.876834"]]
  [1m[35m (0.5ms)[0m  [1m[35mCOMMIT[0m
  [1m[35m (0.8ms)[0m  [1m[35mBEGIN[0m
  [1m[36mBook Create (0.5ms)[0m  [1m[32mINSERT INTO "books" ("title", "author", "genre", "publisher", "publish_date", "created_at", "updated_at") VALUES ($1, $2, $3, $4, $5, $6, $7) RETURNING "id"[0m  [["title", "Number the Stars"], ["author", "Aubrey Ward"], ["genre", "Science fiction"], ["publisher", "Pen and Sword Books"], ["publish_date", "2019-09-30"], ["created_at", "2020-09-18 19:07:02.883843"], ["updated_at", "2020-09-18 19:07:02.883843"]]
  [1m[35m (0.5ms)[0m  [1m[35mCOMMIT[0m
  [1m[35m (0.2ms)[0m  [1m[35mBEGIN[0m
  [1m[36mBook Create (0.6ms)[0m  [1m[32mINSERT INTO "books" ("title", "author", "genre", "publisher", "publish_date", "created_at", "updated_at") VALUES ($1, $2, $3, $4, $5, $6, $7) RETURNING "id"[0m  [["title", "Look to Windward"], ["author", "Mrs. Len Anderson"], ["genre", "Metafiction"], ["publisher", "Atheneum Books"], ["publish_date", "2020-09-11"], ["created_at", "2020-09-18 19:07:02.892128"], ["updated_at", "2020-09-18 19:07:02.892128"]]
  [1m[35m (1.0ms)[0m  [1m[35mCOMMIT[0m
  [1m[35m (0.2ms)[0m  [1m[35mBEGIN[0m
  [1m[36mBook Create (0.5ms)[0m  [1m[32mINSERT INTO "books" ("title", "author", "genre", "publisher", "publish_date", "created_at", "updated_at") VALUES ($1, $2, $3, $4, $5, $6, $7) RETURNING "id"[0m  [["title", "As I Lay Dying"], ["author", "Ethel Effertz"], ["genre", "Biography/Autobiography"], ["publisher", "Allen Ltd"], ["publish_date", "2020-06-19"], ["created_at", "2020-09-18 19:07:02.903616"], ["updated_at", "2020-09-18 19:07:02.903616"]]
  [1m[35m (0.6ms)[0m  [1m[35mCOMMIT[0m
  [1m[35m (0.2ms)[0m  [1m[35mBEGIN[0m
  [1m[36mBook Create (0.5ms)[0m  [1m[32mINSERT INTO "books" ("title", "author", "genre", "publisher", "publish_date", "created_at", "updated_at") VALUES ($1, $2, $3, $4, $5, $6, $7) RETURNING "id"[0m  [["title", "Blood's a Rover"], ["author", "Geraldo Quitzon"], ["genre", "Humor"], ["publisher", "Harlequin Enterprises Ltd"], ["publish_date", "2019-11-22"], ["created_at", "2020-09-18 19:07:02.911309"], ["updated_at", "2020-09-18 19:07:02.911309"]]
  [1m[35m (0.7ms)[0m  [1m[35mCOMMIT[0m
  [1m[35m (0.2ms)[0m  [1m[35mBEGIN[0m
  [1m[36mBook Create (0.7ms)[0m  [1m[32mINSERT INTO "books" ("title", "author", "genre", "publisher", "publish_date", "created_at", "updated_at") VALUES ($1, $2, $3, $4, $5, $6, $7) RETURNING "id"[0m  [["title", "Consider the Lilies"], ["author", "Henry O'Kon"], ["genre", "Legend"], ["publisher", "Kensington Books"], ["publish_date", "2019-12-17"], ["created_at", "2020-09-18 19:07:02.921288"], ["updated_at", "2020-09-18 19:07:02.921288"]]
  [1m[35m (0.4ms)[0m  [1m[35mCOMMIT[0m
  [1m[35m (0.2ms)[0m  [1m[35mBEGIN[0m
  [1m[36mBook Create (0.5ms)[0m  [1m[32mINSERT INTO "books" ("title", "author", "genre", "publisher", "publish_date", "created_at", "updated_at") VALUES ($1, $2, $3, $4, $5, $6, $7) RETURNING "id"[0m  [["title", "An Instant In The Wind"], ["author", "Long Reinger"], ["genre", "Fable"], ["publisher", "Newnes"], ["publish_date", "2019-12-25"], ["created_at", "2020-09-18 19:07:02.954155"], ["updated_at", "2020-09-18 19:07:02.954155"]]
  [1m[35m (0.6ms)[0m  [1m[35mCOMMIT[0m
  [1m[35m (0.2ms)[0m  [1m[35mBEGIN[0m
  [1m[36mBook Create (1.0ms)[0m  [1m[32mINSERT INTO "books" ("title", "author", "genre", "publisher", "publish_date", "created_at", "updated_at") VALUES ($1, $2, $3, $4, $5, $6, $7) RETURNING "id"[0m  [["title", "Postern of Fate"], ["author", "Eli Kautzer"], ["genre", "Historical fiction"], ["publisher", "Blackwell Publishing"], ["publish_date", "2019-10-26"], ["created_at", "2020-09-18 19:07:02.968131"], ["updated_at", "2020-09-18 19:07:02.968131"]]
  [1m[35m (0.6ms)[0m  [1m[35mCOMMIT[0m
  [1m[35m (0.2ms)[0m  [1m[35mBEGIN[0m
  [1m[36mBook Create (1.3ms)[0m  [1m[32mINSERT INTO "books" ("title", "author", "genre", "publisher", "publish_date", "created_at", "updated_at") VALUES ($1, $2, $3, $4, $5, $6, $7) RETURNING "id"[0m  [["title", "When the Green Woods Laugh"], ["author", "Darrin Rempel CPA"], ["genre", "Fairy tale"], ["publisher", "Pecan Grove Press"], ["publish_date", "2020-02-07"], ["created_at", "2020-09-18 19:07:02.975499"], ["updated_at", "2020-09-18 19:07:02.975499"]]
  [1m[35m (0.6ms)[0m  [1m[35mCOMMIT[0m
  [1m[35m (0.6ms)[0m  [1m[35mBEGIN[0m
  [1m[36mBook Create (0.5ms)[0m  [1m[32mINSERT INTO "books" ("title", "author", "genre", "publisher", "publish_date", "created_at", "updated_at") VALUES ($1, $2, $3, $4, $5, $6, $7) RETURNING "id"[0m  [["title", "Mother Night"], ["author", "Kassandra Connelly"], ["genre", "Comic/Graphic Novel"], ["publisher", "New Village Press"], ["publish_date", "2019-11-10"], ["created_at", "2020-09-18 19:07:02.986228"], ["updated_at", "2020-09-18 19:07:02.986228"]]
  [1m[35m (0.6ms)[0m  [1m[35mCOMMIT[0m
  [1m[35m (0.3ms)[0m  [1m[35mBEGIN[0m
  [1m[36mBook Create (0.7ms)[0m  [1m[32mINSERT INTO "books" ("title", "author", "genre", "publisher", "publish_date", "created_at", "updated_at") VALUES ($1, $2, $3, $4, $5, $6, $7) RETURNING "id"[0m  [["title", "The House of Mirth"], ["author", "Elois Wuckert"], ["genre", "Biography/Autobiography"], ["publisher", "Burns & Oates"], ["publish_date", "2020-03-16"], ["created_at", "2020-09-18 19:07:03.000707"], ["updated_at", "2020-09-18 19:07:03.000707"]]
  [1m[35m (0.5ms)[0m  [1m[35mCOMMIT[0m
  [1m[35m (0.2ms)[0m  [1m[35mBEGIN[0m
  [1m[36mBook Create (0.5ms)[0m  [1m[32mINSERT INTO "books" ("title", "author", "genre", "publisher", "publish_date", "created_at", "updated_at") VALUES ($1, $2, $3, $4, $5, $6, $7) RETURNING "id"[0m  [["title", "When the Green Woods Laugh"], ["author", "Matilda Rolfson"], ["genre", "Historical fiction"], ["publisher", "HMSO"], ["publish_date", "2020-08-27"], ["created_at", "2020-09-18 19:07:03.009118"], ["updated_at", "2020-09-18 19:07:03.009118"]]
  [1m[35m (0.4ms)[0m  [1m[35mCOMMIT[0m
  [1m[35m (0.4ms)[0m  [1m[35mBEGIN[0m
  [1m[36mBook Create (0.6ms)[0m  [1m[32mINSERT INTO "books" ("title", "author", "genre", "publisher", "publish_date", "created_at", "updated_at") VALUES ($1, $2, $3, $4, $5, $6, $7) RETURNING "id"[0m  [["title", "Carrion Comfort"], ["author", "Yukiko Hagenes"], ["genre", "Humor"], ["publisher", "Applewood Books"], ["publish_date", "2020-04-09"], ["created_at", "2020-09-18 19:07:03.016911"], ["updated_at", "2020-09-18 19:07:03.016911"]]
  [1m[35m (0.5ms)[0m  [1m[35mCOMMIT[0m
  [1m[35m (0.3ms)[0m  [1m[35mBEGIN[0m
  [1m[36mBook Create (2.1ms)[0m  [1m[32mINSERT INTO "books" ("title", "author", "genre", "publisher", "publish_date", "created_at", "updated_at") VALUES ($1, $2, $3, $4, $5, $6, $7) RETURNING "id"[0m  [["title", "Ah, Wilderness!"], ["author", "Tawnya Wintheiser JD"], ["genre", "Essay"], ["publisher", "DAW Books"], ["publish_date", "2020-04-03"], ["created_at", "2020-09-18 19:07:03.024783"], ["updated_at", "2020-09-18 19:07:03.024783"]]
  [1m[35m (0.5ms)[0m  [1m[35mCOMMIT[0m
  [1m[35m (0.2ms)[0m  [1m[35mBEGIN[0m
  [1m[36mBook Create (0.6ms)[0m  [1m[32mINSERT INTO "books" ("title", "author", "genre", "publisher", "publish_date", "created_at", "updated_at") VALUES ($1, $2, $3, $4, $5, $6, $7) RETURNING "id"[0m  [["title", "His Dark Materials"], ["author", "Alia Kulas"], ["genre", "Textbook"], ["publisher", "University of Alaska Press"], ["publish_date", "2020-05-01"], ["created_at", "2020-09-18 19:07:03.053437"], ["updated_at", "2020-09-18 19:07:03.053437"]]
  [1m[35m (0.6ms)[0m  [1m[35mCOMMIT[0m
  [1m[35m (0.3ms)[0m  [1m[35mBEGIN[0m
  [1m[36mBook Create (0.6ms)[0m  [1m[32mINSERT INTO "books" ("title", "author", "genre", "publisher", "publish_date", "created_at", "updated_at") VALUES ($1, $2, $3, $4, $5, $6, $7) RETURNING "id"[0m  [["title", "Frequent Hearses"], ["author", "Isabell Windler III"], ["genre", "Metafiction"], ["publisher", "David & Charles"], ["publish_date", "2019-11-24"], ["created_at", "2020-09-18 19:07:03.077480"], ["updated_at", "2020-09-18 19:07:03.077480"]]
  [1m[35m (0.8ms)[0m  [1m[35mCOMMIT[0m
  [1m[35m (0.2ms)[0m  [1m[35mBEGIN[0m
  [1m[36mBook Create (0.4ms)[0m  [1m[32mINSERT INTO "books" ("title", "author", "genre", "publisher", "publish_date", "created_at", "updated_at") VALUES ($1, $2, $3, $4, $5, $6, $7) RETURNING "id"[0m  [["title", "A Farewell to Arms"], ["author", "Duane Shields"], ["genre", "Western"], ["publisher", "Manor House Publishing"], ["publish_date", "2020-02-26"], ["created_at", "2020-09-18 19:07:03.172008"], ["updated_at", "2020-09-18 19:07:03.172008"]]
  [1m[35m (0.5ms)[0m  [1m[35mCOMMIT[0m
  [1m[35m (0.2ms)[0m  [1m[35mBEGIN[0m
  [1m[36mBook Create (0.6ms)[0m  [1m[32mINSERT INTO "books" ("title", "author", "genre", "publisher", "publish_date", "created_at", "updated_at") VALUES ($1, $2, $3, $4, $5, $6, $7) RETURNING "id"[0m  [["title", "Alone on a Wide, Wide Sea"], ["author", "Duncan Gerlach PhD"], ["genre", "Mythopoeia"], ["publisher", "Cengage Learning"], ["publish_date", "2019-12-22"], ["created_at", "2020-09-18 19:07:03.177895"], ["updated_at", "2020-09-18 19:07:03.177895"]]
  [1m[35m (0.4ms)[0m  [1m[35mCOMMIT[0m
  [1m[35m (0.3ms)[0m  [1m[35mBEGIN[0m
  [1m[36mBook Create (1.0ms)[0m  [1m[32mINSERT INTO "books" ("title", "author", "genre", "publisher", "publish_date", "created_at", "updated_at") VALUES ($1, $2, $3, $4, $5, $6, $7) RETURNING "id"[0m  [["title", "Endless Night"], ["author", "Ronald Hartmann CPA"], ["genre", "Fanfiction"], ["publisher", "Naiad Press"], ["publish_date", "2020-03-19"], ["created_at", "2020-09-18 19:07:03.191582"], ["updated_at", "2020-09-18 19:07:03.191582"]]
  [1m[35m (1.3ms)[0m  [1m[35mCOMMIT[0m
  [1m[35m (0.3ms)[0m  [1m[35mBEGIN[0m
  [1m[36mBook Create (0.5ms)[0m  [1m[32mINSERT INTO "books" ("title", "author", "genre", "publisher", "publish_date", "created_at", "updated_at") VALUES ($1, $2, $3, $4, $5, $6, $7) RETURNING "id"[0m  [["title", "The World, the Flesh and the Devil"], ["author", "Theo Bahringer"], ["genre", "Metafiction"], ["publisher", "Leaf Books"], ["publish_date", "2020-04-08"], ["created_at", "2020-09-18 19:07:03.206615"], ["updated_at", "2020-09-18 19:07:03.206615"]]
  [1m[35m (14.8ms)[0m  [1m[35mCOMMIT[0m
  [1m[35m (0.2ms)[0m  [1m[35mBEGIN[0m
  [1m[36mBook Create (0.7ms)[0m  [1m[32mINSERT INTO "books" ("title", "author", "genre", "publisher", "publish_date", "created_at", "updated_at") VALUES ($1, $2, $3, $4, $5, $6, $7) RETURNING "id"[0m  [["title", "Dying of the Light"], ["author", "Ouida Tremblay"], ["genre", "Comic/Graphic Novel"], ["publisher", "Palgrave Macmillan"], ["publish_date", "2020-04-22"], ["created_at", "2020-09-18 19:07:03.243895"], ["updated_at", "2020-09-18 19:07:03.243895"]]
  [1m[35m (0.6ms)[0m  [1m[35mCOMMIT[0m
  [1m[35m (0.2ms)[0m  [1m[35mBEGIN[0m
  [1m[36mBook Create (0.4ms)[0m  [1m[32mINSERT INTO "books" ("title", "author", "genre", "publisher", "publish_date", "created_at", "updated_at") VALUES ($1, $2, $3, $4, $5, $6, $7) RETURNING "id"[0m  [["title", "Look to Windward"], ["author", "Tonette Thompson DO"], ["genre", "Narrative nonfiction"], ["publisher", "Harry N. Abrams, Inc."], ["publish_date", "2019-10-04"], ["created_at", "2020-09-18 19:07:03.254929"], ["updated_at", "2020-09-18 19:07:03.254929"]]
  [1m[35m (0.5ms)[0m  [1m[35mCOMMIT[0m
  [1m[35m (0.2ms)[0m  [1m[35mBEGIN[0m
  [1m[36mBook Create (0.7ms)[0m  [1m[32mINSERT INTO "books" ("title", "author", "genre", "publisher", "publish_date", "created_at", "updated_at") VALUES ($1, $2, $3, $4, $5, $6, $7) RETURNING "id"[0m  [["title", "Nectar in a Sieve"], ["author", "Rev. Edmund Wolff"], ["genre", "Science fiction"], ["publisher", "Applewood Books"], ["publish_date", "2019-09-21"], ["created_at", "2020-09-18 19:07:03.260533"], ["updated_at", "2020-09-18 19:07:03.260533"]]
  [1m[35m (0.5ms)[0m  [1m[35mCOMMIT[0m
  [1m[35m (0.2ms)[0m  [1m[35mBEGIN[0m
  [1m[36mBook Create (0.4ms)[0m  [1m[32mINSERT INTO "books" ("title", "author", "genre", "publisher", "publish_date", "created_at", "updated_at") VALUES ($1, $2, $3, $4, $5, $6, $7) RETURNING "id"[0m  [["title", "Tender Is the Night"], ["author", "The Hon. Desmond Rutherford"], ["genre", "Fairy tale"], ["publisher", "Ellora's Cave"], ["publish_date", "2020-06-06"], ["created_at", "2020-09-18 19:07:03.270739"], ["updated_at", "2020-09-18 19:07:03.270739"]]
  [1m[35m (0.5ms)[0m  [1m[35mCOMMIT[0m
  [1m[35m (0.1ms)[0m  [1m[35mBEGIN[0m
  [1m[36mBook Create (0.5ms)[0m  [1m[32mINSERT INTO "books" ("title", "author", "genre", "publisher", "publish_date", "created_at", "updated_at") VALUES ($1, $2, $3, $4, $5, $6, $7) RETURNING "id"[0m  [["title", "Quo Vadis"], ["author", "Roberto Hirthe"], ["genre", "Short story"], ["publisher", "Matthias Media"], ["publish_date", "2020-07-14"], ["created_at", "2020-09-18 19:07:03.275940"], ["updated_at", "2020-09-18 19:07:03.275940"]]
  [1m[35m (0.5ms)[0m  [1m[35mCOMMIT[0m
  [1m[35m (0.3ms)[0m  [1m[35mBEGIN[0m
  [1m[36mBook Create (0.6ms)[0m  [1m[32mINSERT INTO "books" ("title", "author", "genre", "publisher", "publish_date", "created_at", "updated_at") VALUES ($1, $2, $3, $4, $5, $6, $7) RETURNING "id"[0m  [["title", "What's Become of Waring"], ["author", "Melinda Jacobs"], ["genre", "Horror"], ["publisher", "Lion Hudson"], ["publish_date", "2020-08-20"], ["created_at", "2020-09-18 19:07:03.282634"], ["updated_at", "2020-09-18 19:07:03.282634"]]
  [1m[35m (1.1ms)[0m  [1m[35mCOMMIT[0m
  [1m[35m (0.2ms)[0m  [1m[35mBEGIN[0m
  [1m[36mBook Create (0.5ms)[0m  [1m[32mINSERT INTO "books" ("title", "author", "genre", "publisher", "publish_date", "created_at", "updated_at") VALUES ($1, $2, $3, $4, $5, $6, $7) RETURNING "id"[0m  [["title", "Far From the Madding Crowd"], ["author", "Chang Kutch LLD"], ["genre", "Mystery"], ["publisher", "Allen Ltd"], ["publish_date", "2019-11-23"], ["created_at", "2020-09-18 19:07:03.291324"], ["updated_at", "2020-09-18 19:07:03.291324"]]
  [1m[35m (2.5ms)[0m  [1m[35mCOMMIT[0m
  [1m[35m (0.5ms)[0m  [1m[35mBEGIN[0m
  [1m[36mBook Create (0.5ms)[0m  [1m[32mINSERT INTO "books" ("title", "author", "genre", "publisher", "publish_date", "created_at", "updated_at") VALUES ($1, $2, $3, $4, $5, $6, $7) RETURNING "id"[0m  [["title", "It's a Battlefield"], ["author", "Fr. Lorri Runte"], ["genre", "Fiction narrative"], ["publisher", "New English Library"], ["publish_date", "2020-02-10"], ["created_at", "2020-09-18 19:07:03.303609"], ["updated_at", "2020-09-18 19:07:03.303609"]]
  [1m[35m (0.5ms)[0m  [1m[35mCOMMIT[0m
  [1m[35m (0.2ms)[0m  [1m[35mBEGIN[0m
  [1m[36mBook Create (0.8ms)[0m  [1m[32mINSERT INTO "books" ("title", "author", "genre", "publisher", "publish_date", "created_at", "updated_at") VALUES ($1, $2, $3, $4, $5, $6, $7) RETURNING "id"[0m  [["title", "Look to Windward"], ["author", "Margarito Okuneva Jr."], ["genre", "Realistic fiction"], ["publisher", "Signet Books"], ["publish_date", "2019-11-01"], ["created_at", "2020-09-18 19:07:03.310261"], ["updated_at", "2020-09-18 19:07:03.310261"]]
  [1m[35m (0.6ms)[0m  [1m[35mCOMMIT[0m
  [1m[35m (0.2ms)[0m  [1m[35mBEGIN[0m
  [1m[36mBook Create (0.9ms)[0m  [1m[32mINSERT INTO "books" ("title", "author", "genre", "publisher", "publish_date", "created_at", "updated_at") VALUES ($1, $2, $3, $4, $5, $6, $7) RETURNING "id"[0m  [["title", "A Confederacy of Dunces"], ["author", "Wilber Hudson"], ["genre", "Western"], ["publisher", "Papadakis Publisher"], ["publish_date", "2020-06-23"], ["created_at", "2020-09-18 19:07:03.318157"], ["updated_at", "2020-09-18 19:07:03.318157"]]
  [1m[35m (0.3ms)[0m  [1m[35mCOMMIT[0m
  [1m[35m (0.2ms)[0m  [1m[35mBEGIN[0m
  [1m[36mBook Create (1.3ms)[0m  [1m[32mINSERT INTO "books" ("title", "author", "genre", "publisher", "publish_date", "created_at", "updated_at") VALUES ($1, $2, $3, $4, $5, $6, $7) RETURNING "id"[0m  [["title", "A Many-Splendoured Thing"], ["author", "Annabel Langworth V"], ["genre", "Western"], ["publisher", "Mapin Publishing"], ["publish_date", "2019-12-20"], ["created_at", "2020-09-18 19:07:03.325322"], ["updated_at", "2020-09-18 19:07:03.325322"]]
  [1m[35m (0.5ms)[0m  [1m[35mCOMMIT[0m
  [1m[35m (0.2ms)[0m  [1m[35mBEGIN[0m
  [1m[36mBook Create (0.6ms)[0m  [1m[32mINSERT INTO "books" ("title", "author", "genre", "publisher", "publish_date", "created_at", "updated_at") VALUES ($1, $2, $3, $4, $5, $6, $7) RETURNING "id"[0m  [["title", "Unweaving the Rainbow"], ["author", "Jeffery Schmeler"], ["genre", "Mythology"], ["publisher", "Pecan Grove Press"], ["publish_date", "2020-08-28"], ["created_at", "2020-09-18 19:07:03.334692"], ["updated_at", "2020-09-18 19:07:03.334692"]]
  [1m[35m (0.6ms)[0m  [1m[35mCOMMIT[0m
  [1m[35m (0.2ms)[0m  [1m[35mBEGIN[0m
  [1m[36mBook Create (0.8ms)[0m  [1m[32mINSERT INTO "books" ("title", "author", "genre", "publisher", "publish_date", "created_at", "updated_at") VALUES ($1, $2, $3, $4, $5, $6, $7) RETURNING "id"[0m  [["title", "It's a Battlefield"], ["author", "Bobbie Christiansen"], ["genre", "Mythology"], ["publisher", "Charles Scribner's Sons"], ["publish_date", "2020-02-10"], ["created_at", "2020-09-18 19:07:03.340862"], ["updated_at", "2020-09-18 19:07:03.340862"]]
  [1m[35m (0.9ms)[0m  [1m[35mCOMMIT[0m
  [1m[35m (0.2ms)[0m  [1m[35mBEGIN[0m
  [1m[36mBook Create (0.5ms)[0m  [1m[32mINSERT INTO "books" ("title", "author", "genre", "publisher", "publish_date", "created_at", "updated_at") VALUES ($1, $2, $3, $4, $5, $6, $7) RETURNING "id"[0m  [["title", "Ring of Bright Water"], ["author", "Inell Schowalter DC"], ["genre", "Tall tale"], ["publisher", "FabJob"], ["publish_date", "2020-08-11"], ["created_at", "2020-09-18 19:07:03.350053"], ["updated_at", "2020-09-18 19:07:03.350053"]]
  [1m[35m (0.3ms)[0m  [1m[35mCOMMIT[0m
  [1m[35m (0.2ms)[0m  [1m[35mBEGIN[0m
  [1m[36mBook Create (0.4ms)[0m  [1m[32mINSERT INTO "books" ("title", "author", "genre", "publisher", "publish_date", "created_at", "updated_at") VALUES ($1, $2, $3, $4, $5, $6, $7) RETURNING "id"[0m  [["title", "A Swiftly Tilting Planet"], ["author", "Vivan Rowe"], ["genre", "Speech"], ["publisher", "NavPress"], ["publish_date", "2020-01-04"], ["created_at", "2020-09-18 19:07:03.356266"], ["updated_at", "2020-09-18 19:07:03.356266"]]
  [1m[35m (0.8ms)[0m  [1m[35mCOMMIT[0m
  [1m[35m (0.7ms)[0m  [1m[35mBEGIN[0m
  [1m[36mBook Create (0.5ms)[0m  [1m[32mINSERT INTO "books" ("title", "author", "genre", "publisher", "publish_date", "created_at", "updated_at") VALUES ($1, $2, $3, $4, $5, $6, $7) RETURNING "id"[0m  [["title", "Far From the Madding Crowd"], ["author", "Blair Reichert"], ["genre", "Short story"], ["publisher", "Eerdmans Publishing"], ["publish_date", "2019-12-30"], ["created_at", "2020-09-18 19:07:03.363608"], ["updated_at", "2020-09-18 19:07:03.363608"]]
  [1m[35m (0.5ms)[0m  [1m[35mCOMMIT[0m
  [1m[35m (0.2ms)[0m  [1m[35mBEGIN[0m
  [1m[36mBook Create (0.5ms)[0m  [1m[32mINSERT INTO "books" ("title", "author", "genre", "publisher", "publish_date", "created_at", "updated_at") VALUES ($1, $2, $3, $4, $5, $6, $7) RETURNING "id"[0m  [["title", "Ah, Wilderness!"], ["author", "Carolann Kling Sr."], ["genre", "Fable"], ["publisher", "Blackie and Son Limited"], ["publish_date", "2020-01-20"], ["created_at", "2020-09-18 19:07:03.370760"], ["updated_at", "2020-09-18 19:07:03.370760"]]
  [1m[35m (0.5ms)[0m  [1m[35mCOMMIT[0m
  [1m[35m (0.3ms)[0m  [1m[35mBEGIN[0m
  [1m[36mBook Create (0.4ms)[0m  [1m[32mINSERT INTO "books" ("title", "author", "genre", "publisher", "publish_date", "created_at", "updated_at") VALUES ($1, $2, $3, $4, $5, $6, $7) RETURNING "id"[0m  [["title", "When the Green Woods Laugh"], ["author", "Jarred Jacobs"], ["genre", "Fable"], ["publisher", "Book League of America"], ["publish_date", "2020-07-29"], ["created_at", "2020-09-18 19:07:03.390576"], ["updated_at", "2020-09-18 19:07:03.390576"]]
  [1m[35m (0.6ms)[0m  [1m[35mCOMMIT[0m
  [1m[35m (0.2ms)[0m  [1m[35mBEGIN[0m
  [1m[36mBook Create (0.6ms)[0m  [1m[32mINSERT INTO "books" ("title", "author", "genre", "publisher", "publish_date", "created_at", "updated_at") VALUES ($1, $2, $3, $4, $5, $6, $7) RETURNING "id"[0m  [["title", "Cover Her Face"], ["author", "Prof. Johnsie Hintz"], ["genre", "Realistic fiction"], ["publisher", "Berkley Books"], ["publish_date", "2019-11-19"], ["created_at", "2020-09-18 19:07:03.396391"], ["updated_at", "2020-09-18 19:07:03.396391"]]
  [1m[35m (0.4ms)[0m  [1m[35mCOMMIT[0m
  [1m[35m (0.2ms)[0m  [1m[35mBEGIN[0m
  [1m[36mBook Create (0.4ms)[0m  [1m[32mINSERT INTO "books" ("title", "author", "genre", "publisher", "publish_date", "created_at", "updated_at") VALUES ($1, $2, $3, $4, $5, $6, $7) RETURNING "id"[0m  [["title", "Absalom, Absalom!"], ["author", "Gil O'Conner Jr."], ["genre", "Historical fiction"], ["publisher", "Da Capo Press"], ["publish_date", "2020-07-31"], ["created_at", "2020-09-18 19:07:03.404297"], ["updated_at", "2020-09-18 19:07:03.404297"]]
  [1m[35m (0.4ms)[0m  [1m[35mCOMMIT[0m
  [1m[35m (0.2ms)[0m  [1m[35mBEGIN[0m
  [1m[36mBook Create (0.7ms)[0m  [1m[32mINSERT INTO "books" ("title", "author", "genre", "publisher", "publish_date", "created_at", "updated_at") VALUES ($1, $2, $3, $4, $5, $6, $7) RETURNING "id"[0m  [["title", "The Line of Beauty"], ["author", "Sam Lebsack"], ["genre", "Fiction in verse"], ["publisher", "Pathfinder Press"], ["publish_date", "2020-02-18"], ["created_at", "2020-09-18 19:07:03.409496"], ["updated_at", "2020-09-18 19:07:03.409496"]]
  [1m[35m (0.5ms)[0m  [1m[35mCOMMIT[0m
  [1m[35m (0.2ms)[0m  [1m[35mBEGIN[0m
  [1m[36mBook Create (0.5ms)[0m  [1m[32mINSERT INTO "books" ("title", "author", "genre", "publisher", "publish_date", "created_at", "updated_at") VALUES ($1, $2, $3, $4, $5, $6, $7) RETURNING "id"[0m  [["title", "The Way Through the Woods"], ["author", "Kalyn Rogahn"], ["genre", "Western"], ["publisher", "Eerdmans Publishing"], ["publish_date", "2019-09-29"], ["created_at", "2020-09-18 19:07:03.415433"], ["updated_at", "2020-09-18 19:07:03.415433"]]
  [1m[35m (0.6ms)[0m  [1m[35mCOMMIT[0m
  [1m[35m (0.2ms)[0m  [1m[35mBEGIN[0m
  [1m[36mBook Create (0.4ms)[0m  [1m[32mINSERT INTO "books" ("title", "author", "genre", "publisher", "publish_date", "created_at", "updated_at") VALUES ($1, $2, $3, $4, $5, $6, $7) RETURNING "id"[0m  [["title", "The Soldier's Art"], ["author", "Dylan Rice"], ["genre", "Textbook"], ["publisher", "Virgin Publishing"], ["publish_date", "2020-02-12"], ["created_at", "2020-09-18 19:07:03.422476"], ["updated_at", "2020-09-18 19:07:03.422476"]]
  [1m[35m (0.5ms)[0m  [1m[35mCOMMIT[0m
  [1m[35m (0.2ms)[0m  [1m[35mBEGIN[0m
  [1m[36mBook Create (0.6ms)[0m  [1m[32mINSERT INTO "books" ("title", "author", "genre", "publisher", "publish_date", "created_at", "updated_at") VALUES ($1, $2, $3, $4, $5, $6, $7) RETURNING "id"[0m  [["title", "Of Human Bondage"], ["author", "Royal Waelchi"], ["genre", "Speech"], ["publisher", "Parragon"], ["publish_date", "2020-07-31"], ["created_at", "2020-09-18 19:07:03.445413"], ["updated_at", "2020-09-18 19:07:03.445413"]]
  [1m[35m (0.4ms)[0m  [1m[35mCOMMIT[0m
  [1m[35m (0.2ms)[0m  [1m[35mBEGIN[0m
  [1m[36mBook Create (2.6ms)[0m  [1m[32mINSERT INTO "books" ("title", "author", "genre", "publisher", "publish_date", "created_at", "updated_at") VALUES ($1, $2, $3, $4, $5, $6, $7) RETURNING "id"[0m  [["title", "The Grapes of Wrath"], ["author", "Fatima McCullough"], ["genre", "Metafiction"], ["publisher", "Libertas Academica"], ["publish_date", "2019-11-22"], ["created_at", "2020-09-18 19:07:03.460256"], ["updated_at", "2020-09-18 19:07:03.460256"]]
  [1m[35m (0.6ms)[0m  [1m[35mCOMMIT[0m
  [1m[35m (0.2ms)[0m  [1m[35mBEGIN[0m
  [1m[36mBook Create (0.4ms)[0m  [1m[32mINSERT INTO "books" ("title", "author", "genre", "publisher", "publish_date", "created_at", "updated_at") VALUES ($1, $2, $3, $4, $5, $6, $7) RETURNING "id"[0m  [["title", "Time To Murder And Create"], ["author", "Terrance Stamm VM"], ["genre", "Mythopoeia"], ["publisher", "Shoemaker & Hoard Publishers"], ["publish_date", "2020-03-14"], ["created_at", "2020-09-18 19:07:03.472688"], ["updated_at", "2020-09-18 19:07:03.472688"]]
  [1m[35m (0.5ms)[0m  [1m[35mCOMMIT[0m
  [1m[35m (0.2ms)[0m  [1m[35mBEGIN[0m
  [1m[36mBook Create (0.4ms)[0m  [1m[32mINSERT INTO "books" ("title", "author", "genre", "publisher", "publish_date", "created_at", "updated_at") VALUES ($1, $2, $3, $4, $5, $6, $7) RETURNING "id"[0m  [["title", "The Soldier's Art"], ["author", "Deloise Willms"], ["genre", "Realistic fiction"], ["publisher", "Harvard University Press"], ["publish_date", "2020-02-27"], ["created_at", "2020-09-18 19:07:03.478348"], ["updated_at", "2020-09-18 19:07:03.478348"]]
  [1m[35m (0.5ms)[0m  [1m[35mCOMMIT[0m
  [1m[35m (0.2ms)[0m  [1m[35mBEGIN[0m
  [1m[36mBook Create (0.5ms)[0m  [1m[32mINSERT INTO "books" ("title", "author", "genre", "publisher", "publish_date", "created_at", "updated_at") VALUES ($1, $2, $3, $4, $5, $6, $7) RETURNING "id"[0m  [["title", "Many Waters"], ["author", "Hubert Wisoky"], ["genre", "Crime/Detective"], ["publisher", "Horizon Scientific Press"], ["publish_date", "2020-06-17"], ["created_at", "2020-09-18 19:07:03.484675"], ["updated_at", "2020-09-18 19:07:03.484675"]]
  [1m[35m (0.5ms)[0m  [1m[35mCOMMIT[0m
  [1m[35m (0.2ms)[0m  [1m[35mBEGIN[0m
  [1m[36mBook Create (6.3ms)[0m  [1m[32mINSERT INTO "books" ("title", "author", "genre", "publisher", "publish_date", "created_at", "updated_at") VALUES ($1, $2, $3, $4, $5, $6, $7) RETURNING "id"[0m  [["title", "A Many-Splendoured Thing"], ["author", "Msgr. Francesco Kuvalis"], ["genre", "Essay"], ["publisher", "Cengage Learning"], ["publish_date", "2020-02-14"], ["created_at", "2020-09-18 19:07:03.490882"], ["updated_at", "2020-09-18 19:07:03.490882"]]
  [1m[35m (0.6ms)[0m  [1m[35mCOMMIT[0m
  [1m[35m (2.0ms)[0m  [1m[35mBEGIN[0m
  [1m[36mBook Create (0.7ms)[0m  [1m[32mINSERT INTO "books" ("title", "author", "genre", "publisher", "publish_date", "created_at", "updated_at") VALUES ($1, $2, $3, $4, $5, $6, $7) RETURNING "id"[0m  [["title", "An Evil Cradling"], ["author", "Sudie Hagenes"], ["genre", "Folklore"], ["publisher", "Medknow Publications"], ["publish_date", "2020-05-10"], ["created_at", "2020-09-18 19:07:03.506595"], ["updated_at", "2020-09-18 19:07:03.506595"]]
  [1m[35m (0.9ms)[0m  [1m[35mCOMMIT[0m
  [1m[35m (0.3ms)[0m  [1m[35mBEGIN[0m
  [1m[36mBook Create (0.6ms)[0m  [1m[32mINSERT INTO "books" ("title", "author", "genre", "publisher", "publish_date", "created_at", "updated_at") VALUES ($1, $2, $3, $4, $5, $6, $7) RETURNING "id"[0m  [["title", "I Will Fear No Evil"], ["author", "Seth Schuster"], ["genre", "Suspense/Thriller"], ["publisher", "Burns & Oates"], ["publish_date", "2020-06-24"], ["created_at", "2020-09-18 19:07:03.538630"], ["updated_at", "2020-09-18 19:07:03.538630"]]
  [1m[35m (5.5ms)[0m  [1m[35mCOMMIT[0m
  [1m[35m (0.5ms)[0m  [1m[35mBEGIN[0m
  [1m[36mBook Create (0.9ms)[0m  [1m[32mINSERT INTO "books" ("title", "author", "genre", "publisher", "publish_date", "created_at", "updated_at") VALUES ($1, $2, $3, $4, $5, $6, $7) RETURNING "id"[0m  [["title", "O Pioneers!"], ["author", "Jim Balistreri DC"], ["genre", "Mythology"], ["publisher", "Chambers Harrap"], ["publish_date", "2020-03-29"], ["created_at", "2020-09-18 19:07:03.576319"], ["updated_at", "2020-09-18 19:07:03.576319"]]
  [1m[35m (0.5ms)[0m  [1m[35mCOMMIT[0m
  [1m[35m (0.2ms)[0m  [1m[35mBEGIN[0m
  [1m[36mBook Create (0.7ms)[0m  [1m[32mINSERT INTO "books" ("title", "author", "genre", "publisher", "publish_date", "created_at", "updated_at") VALUES ($1, $2, $3, $4, $5, $6, $7) RETURNING "id"[0m  [["title", "A Confederacy of Dunces"], ["author", "Joan Goyette"], ["genre", "Folklore"], ["publisher", "BBC Books"], ["publish_date", "2020-05-20"], ["created_at", "2020-09-18 19:07:03.704816"], ["updated_at", "2020-09-18 19:07:03.704816"]]
  [1m[35m (0.3ms)[0m  [1m[35mCOMMIT[0m
  [1m[35m (0.2ms)[0m  [1m[35mBEGIN[0m
  [1m[36mBook Create (0.8ms)[0m  [1m[32mINSERT INTO "books" ("title", "author", "genre", "publisher", "publish_date", "created_at", "updated_at") VALUES ($1, $2, $3, $4, $5, $6, $7) RETURNING "id"[0m  [["title", "Taming a Sea Horse"], ["author", "Nolan Moore CPA"], ["genre", "Mythology"], ["publisher", "Leafwood Publishers"], ["publish_date", "2020-01-02"], ["created_at", "2020-09-18 19:07:03.713704"], ["updated_at", "2020-09-18 19:07:03.713704"]]
  [1m[35m (0.5ms)[0m  [1m[35mCOMMIT[0m
  [1m[35m (0.2ms)[0m  [1m[35mBEGIN[0m
  [1m[36mBook Create (3.6ms)[0m  [1m[32mINSERT INTO "books" ("title", "author", "genre", "publisher", "publish_date", "created_at", "updated_at") VALUES ($1, $2, $3, $4, $5, $6, $7) RETURNING "id"[0m  [["title", "The Mirror Crack'd from Side to Side"], ["author", "Odell Doyle"], ["genre", "Reference book"], ["publisher", "Packt Publishing"], ["publish_date", "2020-01-28"], ["created_at", "2020-09-18 19:07:03.723316"], ["updated_at", "2020-09-18 19:07:03.723316"]]
  [1m[35m (0.7ms)[0m  [1m[35mCOMMIT[0m
  [1m[35m (0.2ms)[0m  [1m[35mBEGIN[0m
  [1m[36mBook Create (0.6ms)[0m  [1m[32mINSERT INTO "books" ("title", "author", "genre", "publisher", "publish_date", "created_at", "updated_at") VALUES ($1, $2, $3, $4, $5, $6, $7) RETURNING "id"[0m  [["title", "The Little Foxes"], ["author", "Art Macejkovic"], ["genre", "Humor"], ["publisher", "Apress"], ["publish_date", "2020-05-11"], ["created_at", "2020-09-18 19:07:03.735640"], ["updated_at", "2020-09-18 19:07:03.735640"]]
  [1m[35m (0.4ms)[0m  [1m[35mCOMMIT[0m
  [1m[35m (0.2ms)[0m  [1m[35mBEGIN[0m
  [1m[36mBook Create (0.8ms)[0m  [1m[32mINSERT INTO "books" ("title", "author", "genre", "publisher", "publish_date", "created_at", "updated_at") VALUES ($1, $2, $3, $4, $5, $6, $7) RETURNING "id"[0m  [["title", "All Passion Spent"], ["author", "David Donnelly Ret."], ["genre", "Western"], ["publisher", "Ziff Davis Media"], ["publish_date", "2019-09-26"], ["created_at", "2020-09-18 19:07:03.741904"], ["updated_at", "2020-09-18 19:07:03.741904"]]
  [1m[35m (0.7ms)[0m  [1m[35mCOMMIT[0m
  [1m[35m (0.2ms)[0m  [1m[35mBEGIN[0m
  [1m[36mBook Create (0.5ms)[0m  [1m[32mINSERT INTO "books" ("title", "author", "genre", "publisher", "publish_date", "created_at", "updated_at") VALUES ($1, $2, $3, $4, $5, $6, $7) RETURNING "id"[0m  [["title", "Beyond the Mexique Bay"], ["author", "Jerrica Donnelly"], ["genre", "Textbook"], ["publisher", "Carcanet Press"], ["publish_date", "2020-02-08"], ["created_at", "2020-09-18 19:07:03.753105"], ["updated_at", "2020-09-18 19:07:03.753105"]]
  [1m[35m (0.4ms)[0m  [1m[35mCOMMIT[0m
  [1m[35m (0.2ms)[0m  [1m[35mBEGIN[0m
  [1m[36mBook Create (0.5ms)[0m  [1m[32mINSERT INTO "books" ("title", "author", "genre", "publisher", "publish_date", "created_at", "updated_at") VALUES ($1, $2, $3, $4, $5, $6, $7) RETURNING "id"[0m  [["title", "The Monkey's Raincoat"], ["author", "Kristan Donnelly"], ["genre", "Mythology"], ["publisher", "Gay Men's Press"], ["publish_date", "2020-02-05"], ["created_at", "2020-09-18 19:07:03.761219"], ["updated_at", "2020-09-18 19:07:03.761219"]]
  [1m[35m (0.5ms)[0m  [1m[35mCOMMIT[0m
  [1m[35m (0.2ms)[0m  [1m[35mBEGIN[0m
  [1m[36mBook Create (0.5ms)[0m  [1m[32mINSERT INTO "books" ("title", "author", "genre", "publisher", "publish_date", "created_at", "updated_at") VALUES ($1, $2, $3, $4, $5, $6, $7) RETURNING "id"[0m  [["title", "To Say Nothing of the Dog"], ["author", "Adan Sawayn"], ["genre", "Mystery"], ["publisher", "Ace Books"], ["publish_date", "2020-09-10"], ["created_at", "2020-09-18 19:07:03.770304"], ["updated_at", "2020-09-18 19:07:03.770304"]]
  [1m[35m (0.4ms)[0m  [1m[35mCOMMIT[0m
  [1m[35m (0.2ms)[0m  [1m[35mBEGIN[0m
  [1m[36mBook Create (1.0ms)[0m  [1m[32mINSERT INTO "books" ("title", "author", "genre", "publisher", "publish_date", "created_at", "updated_at") VALUES ($1, $2, $3, $4, $5, $6, $7) RETURNING "id"[0m  [["title", "Absalom, Absalom!"], ["author", "Elvera Tremblay"], ["genre", "Fairy tale"], ["publisher", "Leafwood Publishers"], ["publish_date", "2019-09-27"], ["created_at", "2020-09-18 19:07:03.777101"], ["updated_at", "2020-09-18 19:07:03.777101"]]
  [1m[35m (1.1ms)[0m  [1m[35mCOMMIT[0m
  [1m[35m (0.4ms)[0m  [1m[35mBEGIN[0m
  [1m[36mBook Create (0.9ms)[0m  [1m[32mINSERT INTO "books" ("title", "author", "genre", "publisher", "publish_date", "created_at", "updated_at") VALUES ($1, $2, $3, $4, $5, $6, $7) RETURNING "id"[0m  [["title", "Many Waters"], ["author", "Avery Hauck"], ["genre", "Science fiction"], ["publisher", "Elsevier"], ["publish_date", "2020-02-03"], ["created_at", "2020-09-18 19:07:03.791333"], ["updated_at", "2020-09-18 19:07:03.791333"]]
  [1m[35m (0.5ms)[0m  [1m[35mCOMMIT[0m
  [1m[35m (0.2ms)[0m  [1m[35mBEGIN[0m
  [1m[36mBook Create (0.6ms)[0m  [1m[32mINSERT INTO "books" ("title", "author", "genre", "publisher", "publish_date", "created_at", "updated_at") VALUES ($1, $2, $3, $4, $5, $6, $7) RETURNING "id"[0m  [["title", "I Know Why the Caged Bird Sings"], ["author", "May Ward"], ["genre", "Comic/Graphic Novel"], ["publisher", "G-Unit Books"], ["publish_date", "2020-07-21"], ["created_at", "2020-09-18 19:07:03.800691"], ["updated_at", "2020-09-18 19:07:03.800691"]]
  [1m[35m (0.5ms)[0m  [1m[35mCOMMIT[0m
  [1m[35m (0.2ms)[0m  [1m[35mBEGIN[0m
  [1m[36mBook Create (1.0ms)[0m  [1m[32mINSERT INTO "books" ("title", "author", "genre", "publisher", "publish_date", "created_at", "updated_at") VALUES ($1, $2, $3, $4, $5, $6, $7) RETURNING "id"[0m  [["title", "The Soldier's Art"], ["author", "Linda Hayes"], ["genre", "Short story"], ["publisher", "Carlton Publishing Group"], ["publish_date", "2020-06-16"], ["created_at", "2020-09-18 19:07:03.808266"], ["updated_at", "2020-09-18 19:07:03.808266"]]
  [1m[35m (0.5ms)[0m  [1m[35mCOMMIT[0m
  [1m[35m (0.2ms)[0m  [1m[35mBEGIN[0m
  [1m[36mBook Create (0.5ms)[0m  [1m[32mINSERT INTO "books" ("title", "author", "genre", "publisher", "publish_date", "created_at", "updated_at") VALUES ($1, $2, $3, $4, $5, $6, $7) RETURNING "id"[0m  [["title", "The Torment of Others"], ["author", "Lewis Oberbrunner"], ["genre", "Suspense/Thriller"], ["publisher", "Tachyon Publications"], ["publish_date", "2019-12-26"], ["created_at", "2020-09-18 19:07:03.816413"], ["updated_at", "2020-09-18 19:07:03.816413"]]
  [1m[35m (0.5ms)[0m  [1m[35mCOMMIT[0m
  [1m[36mBook Load (2.5ms)[0m  [1m[34mSELECT "books".* FROM "books" LIMIT $1[0m  [["LIMIT", 11]]
  [1m[36mBook Load (0.8ms)[0m  [1m[34mSELECT "books".* FROM "books" WHERE "books"."id" = $1 LIMIT $2[0m  [["id", 1], ["LIMIT", 1]]
Started GET "/songs/1" for ::1 at 2020-09-18 16:19:00 -0400
  [1m[35m (2.6ms)[0m  [1m[34mSELECT "schema_migrations"."version" FROM "schema_migrations" ORDER BY "schema_migrations"."version" ASC[0m
  
ActionController::RoutingError (No route matches [GET] "/songs/1"):
  
actionpack (6.0.3.3) lib/action_dispatch/middleware/debug_exceptions.rb:36:in `call'
actionpack (6.0.3.3) lib/action_dispatch/middleware/show_exceptions.rb:33:in `call'
railties (6.0.3.3) lib/rails/rack/logger.rb:37:in `call_app'
railties (6.0.3.3) lib/rails/rack/logger.rb:26:in `block in call'
activesupport (6.0.3.3) lib/active_support/tagged_logging.rb:80:in `block in tagged'
activesupport (6.0.3.3) lib/active_support/tagged_logging.rb:28:in `tagged'
activesupport (6.0.3.3) lib/active_support/tagged_logging.rb:80:in `tagged'
railties (6.0.3.3) lib/rails/rack/logger.rb:26:in `call'
actionpack (6.0.3.3) lib/action_dispatch/middleware/remote_ip.rb:81:in `call'
actionpack (6.0.3.3) lib/action_dispatch/middleware/request_id.rb:27:in `call'
rack (2.2.3) lib/rack/runtime.rb:22:in `call'
activesupport (6.0.3.3) lib/active_support/cache/strategy/local_cache_middleware.rb:29:in `call'
actionpack (6.0.3.3) lib/action_dispatch/middleware/executor.rb:14:in `call'
actionpack (6.0.3.3) lib/action_dispatch/middleware/static.rb:126:in `call'
rack (2.2.3) lib/rack/sendfile.rb:110:in `call'
actionpack (6.0.3.3) lib/action_dispatch/middleware/host_authorization.rb:82:in `call'
railties (6.0.3.3) lib/rails/engine.rb:527:in `call'
puma (4.3.6) lib/puma/configuration.rb:228:in `call'
puma (4.3.6) lib/puma/server.rb:713:in `handle_request'
puma (4.3.6) lib/puma/server.rb:472:in `process_client'
puma (4.3.6) lib/puma/server.rb:328:in `block in run'
puma (4.3.6) lib/puma/thread_pool.rb:134:in `block in spawn_thread'
Started GET "/books" for ::1 at 2020-09-18 16:19:04 -0400
  
ActionController::RoutingError (No route matches [GET] "/books"):
  
actionpack (6.0.3.3) lib/action_dispatch/middleware/debug_exceptions.rb:36:in `call'
actionpack (6.0.3.3) lib/action_dispatch/middleware/show_exceptions.rb:33:in `call'
railties (6.0.3.3) lib/rails/rack/logger.rb:37:in `call_app'
railties (6.0.3.3) lib/rails/rack/logger.rb:26:in `block in call'
activesupport (6.0.3.3) lib/active_support/tagged_logging.rb:80:in `block in tagged'
activesupport (6.0.3.3) lib/active_support/tagged_logging.rb:28:in `tagged'
activesupport (6.0.3.3) lib/active_support/tagged_logging.rb:80:in `tagged'
railties (6.0.3.3) lib/rails/rack/logger.rb:26:in `call'
actionpack (6.0.3.3) lib/action_dispatch/middleware/remote_ip.rb:81:in `call'
actionpack (6.0.3.3) lib/action_dispatch/middleware/request_id.rb:27:in `call'
rack (2.2.3) lib/rack/runtime.rb:22:in `call'
activesupport (6.0.3.3) lib/active_support/cache/strategy/local_cache_middleware.rb:29:in `call'
actionpack (6.0.3.3) lib/action_dispatch/middleware/executor.rb:14:in `call'
actionpack (6.0.3.3) lib/action_dispatch/middleware/static.rb:126:in `call'
rack (2.2.3) lib/rack/sendfile.rb:110:in `call'
actionpack (6.0.3.3) lib/action_dispatch/middleware/host_authorization.rb:82:in `call'
railties (6.0.3.3) lib/rails/engine.rb:527:in `call'
puma (4.3.6) lib/puma/configuration.rb:228:in `call'
puma (4.3.6) lib/puma/server.rb:713:in `handle_request'
puma (4.3.6) lib/puma/server.rb:472:in `process_client'
puma (4.3.6) lib/puma/server.rb:328:in `block in run'
puma (4.3.6) lib/puma/thread_pool.rb:134:in `block in spawn_thread'
Started GET "/books" for ::1 at 2020-09-18 16:19:16 -0400
  
ActionController::RoutingError (No route matches [GET] "/books"):
  
actionpack (6.0.3.3) lib/action_dispatch/middleware/debug_exceptions.rb:36:in `call'
actionpack (6.0.3.3) lib/action_dispatch/middleware/show_exceptions.rb:33:in `call'
railties (6.0.3.3) lib/rails/rack/logger.rb:37:in `call_app'
railties (6.0.3.3) lib/rails/rack/logger.rb:26:in `block in call'
activesupport (6.0.3.3) lib/active_support/tagged_logging.rb:80:in `block in tagged'
activesupport (6.0.3.3) lib/active_support/tagged_logging.rb:28:in `tagged'
activesupport (6.0.3.3) lib/active_support/tagged_logging.rb:80:in `tagged'
railties (6.0.3.3) lib/rails/rack/logger.rb:26:in `call'
actionpack (6.0.3.3) lib/action_dispatch/middleware/remote_ip.rb:81:in `call'
actionpack (6.0.3.3) lib/action_dispatch/middleware/request_id.rb:27:in `call'
rack (2.2.3) lib/rack/runtime.rb:22:in `call'
activesupport (6.0.3.3) lib/active_support/cache/strategy/local_cache_middleware.rb:29:in `call'
actionpack (6.0.3.3) lib/action_dispatch/middleware/executor.rb:14:in `call'
actionpack (6.0.3.3) lib/action_dispatch/middleware/static.rb:126:in `call'
rack (2.2.3) lib/rack/sendfile.rb:110:in `call'
actionpack (6.0.3.3) lib/action_dispatch/middleware/host_authorization.rb:82:in `call'
railties (6.0.3.3) lib/rails/engine.rb:527:in `call'
puma (4.3.6) lib/puma/configuration.rb:228:in `call'
puma (4.3.6) lib/puma/server.rb:713:in `handle_request'
puma (4.3.6) lib/puma/server.rb:472:in `process_client'
puma (4.3.6) lib/puma/server.rb:328:in `block in run'
puma (4.3.6) lib/puma/thread_pool.rb:134:in `block in spawn_thread'
Started GET "/" for ::1 at 2020-09-18 16:19:38 -0400
Processing by Rails::WelcomeController#index as HTML
  Rendering /Library/Ruby/Gems/2.6.0/gems/railties-6.0.3.3/lib/rails/templates/rails/welcome/index.html.erb
  Rendered /Library/Ruby/Gems/2.6.0/gems/railties-6.0.3.3/lib/rails/templates/rails/welcome/index.html.erb (Duration: 113.3ms | Allocations: 195)
Completed 200 OK in 144ms (Views: 137.2ms | ActiveRecord: 0.0ms | Allocations: 866)


Started GET "/books" for ::1 at 2020-09-18 16:19:44 -0400
  
ActionController::RoutingError (No route matches [GET] "/books"):
  
actionpack (6.0.3.3) lib/action_dispatch/middleware/debug_exceptions.rb:36:in `call'
actionpack (6.0.3.3) lib/action_dispatch/middleware/show_exceptions.rb:33:in `call'
railties (6.0.3.3) lib/rails/rack/logger.rb:37:in `call_app'
railties (6.0.3.3) lib/rails/rack/logger.rb:26:in `block in call'
activesupport (6.0.3.3) lib/active_support/tagged_logging.rb:80:in `block in tagged'
activesupport (6.0.3.3) lib/active_support/tagged_logging.rb:28:in `tagged'
activesupport (6.0.3.3) lib/active_support/tagged_logging.rb:80:in `tagged'
railties (6.0.3.3) lib/rails/rack/logger.rb:26:in `call'
actionpack (6.0.3.3) lib/action_dispatch/middleware/remote_ip.rb:81:in `call'
actionpack (6.0.3.3) lib/action_dispatch/middleware/request_id.rb:27:in `call'
rack (2.2.3) lib/rack/runtime.rb:22:in `call'
activesupport (6.0.3.3) lib/active_support/cache/strategy/local_cache_middleware.rb:29:in `call'
actionpack (6.0.3.3) lib/action_dispatch/middleware/executor.rb:14:in `call'
actionpack (6.0.3.3) lib/action_dispatch/middleware/static.rb:126:in `call'
rack (2.2.3) lib/rack/sendfile.rb:110:in `call'
actionpack (6.0.3.3) lib/action_dispatch/middleware/host_authorization.rb:82:in `call'
railties (6.0.3.3) lib/rails/engine.rb:527:in `call'
puma (4.3.6) lib/puma/configuration.rb:228:in `call'
puma (4.3.6) lib/puma/server.rb:713:in `handle_request'
puma (4.3.6) lib/puma/server.rb:472:in `process_client'
puma (4.3.6) lib/puma/server.rb:328:in `block in run'
puma (4.3.6) lib/puma/thread_pool.rb:134:in `block in spawn_thread'
Started GET "/books" for ::1 at 2020-09-18 16:20:32 -0400
  
ActionController::RoutingError (No route matches [GET] "/books"):
  
actionpack (6.0.3.3) lib/action_dispatch/middleware/debug_exceptions.rb:36:in `call'
actionpack (6.0.3.3) lib/action_dispatch/middleware/show_exceptions.rb:33:in `call'
railties (6.0.3.3) lib/rails/rack/logger.rb:37:in `call_app'
railties (6.0.3.3) lib/rails/rack/logger.rb:26:in `block in call'
activesupport (6.0.3.3) lib/active_support/tagged_logging.rb:80:in `block in tagged'
activesupport (6.0.3.3) lib/active_support/tagged_logging.rb:28:in `tagged'
activesupport (6.0.3.3) lib/active_support/tagged_logging.rb:80:in `tagged'
railties (6.0.3.3) lib/rails/rack/logger.rb:26:in `call'
actionpack (6.0.3.3) lib/action_dispatch/middleware/remote_ip.rb:81:in `call'
actionpack (6.0.3.3) lib/action_dispatch/middleware/request_id.rb:27:in `call'
rack (2.2.3) lib/rack/runtime.rb:22:in `call'
activesupport (6.0.3.3) lib/active_support/cache/strategy/local_cache_middleware.rb:29:in `call'
actionpack (6.0.3.3) lib/action_dispatch/middleware/executor.rb:14:in `call'
actionpack (6.0.3.3) lib/action_dispatch/middleware/static.rb:126:in `call'
rack (2.2.3) lib/rack/sendfile.rb:110:in `call'
actionpack (6.0.3.3) lib/action_dispatch/middleware/host_authorization.rb:82:in `call'
railties (6.0.3.3) lib/rails/engine.rb:527:in `call'
puma (4.3.6) lib/puma/configuration.rb:228:in `call'
puma (4.3.6) lib/puma/server.rb:713:in `handle_request'
puma (4.3.6) lib/puma/server.rb:472:in `process_client'
puma (4.3.6) lib/puma/server.rb:328:in `block in run'
puma (4.3.6) lib/puma/thread_pool.rb:134:in `block in spawn_thread'
Started GET "/books" for ::1 at 2020-09-18 16:23:15 -0400
  
ActionController::RoutingError (No route matches [GET] "/books"):
  
actionpack (6.0.3.3) lib/action_dispatch/middleware/debug_exceptions.rb:36:in `call'
actionpack (6.0.3.3) lib/action_dispatch/middleware/show_exceptions.rb:33:in `call'
railties (6.0.3.3) lib/rails/rack/logger.rb:37:in `call_app'
railties (6.0.3.3) lib/rails/rack/logger.rb:26:in `block in call'
activesupport (6.0.3.3) lib/active_support/tagged_logging.rb:80:in `block in tagged'
activesupport (6.0.3.3) lib/active_support/tagged_logging.rb:28:in `tagged'
activesupport (6.0.3.3) lib/active_support/tagged_logging.rb:80:in `tagged'
railties (6.0.3.3) lib/rails/rack/logger.rb:26:in `call'
actionpack (6.0.3.3) lib/action_dispatch/middleware/remote_ip.rb:81:in `call'
actionpack (6.0.3.3) lib/action_dispatch/middleware/request_id.rb:27:in `call'
rack (2.2.3) lib/rack/runtime.rb:22:in `call'
activesupport (6.0.3.3) lib/active_support/cache/strategy/local_cache_middleware.rb:29:in `call'
actionpack (6.0.3.3) lib/action_dispatch/middleware/executor.rb:14:in `call'
actionpack (6.0.3.3) lib/action_dispatch/middleware/static.rb:126:in `call'
rack (2.2.3) lib/rack/sendfile.rb:110:in `call'
actionpack (6.0.3.3) lib/action_dispatch/middleware/host_authorization.rb:82:in `call'
railties (6.0.3.3) lib/rails/engine.rb:527:in `call'
puma (4.3.6) lib/puma/configuration.rb:228:in `call'
puma (4.3.6) lib/puma/server.rb:713:in `handle_request'
puma (4.3.6) lib/puma/server.rb:472:in `process_client'
puma (4.3.6) lib/puma/server.rb:328:in `block in run'
puma (4.3.6) lib/puma/thread_pool.rb:134:in `block in spawn_thread'
Started GET "/books" for ::1 at 2020-09-18 16:24:27 -0400
Processing by BooksController#index as HTML
  [1m[36mBook Load (1.5ms)[0m  [1m[34mSELECT "books".* FROM "books"[0m
  ↳ app/controllers/books_controller.rb:4:in `index'
Completed 200 OK in 61ms (Views: 42.6ms | ActiveRecord: 13.9ms | Allocations: 24054)


Started GET "/books" for ::1 at 2020-09-18 16:27:25 -0400
Processing by BooksController#index as HTML
  [1m[36mBook Load (95.5ms)[0m  [1m[34mSELECT "books".* FROM "books"[0m
  ↳ app/controllers/books_controller.rb:4:in `index'
Completed 200 OK in 420ms (Views: 306.5ms | ActiveRecord: 110.6ms | Allocations: 23482)


Started GET "/books/5" for ::1 at 2020-09-18 16:27:31 -0400
Processing by BooksController#show as HTML
  Parameters: {"id"=>"5"}
  [1m[36mBook Load (5.6ms)[0m  [1m[34mSELECT "books".* FROM "books" WHERE "books"."id" = $1 LIMIT $2[0m  [["id", 5], ["LIMIT", 1]]
  ↳ app/controllers/books_controller.rb:11:in `show'
Completed 200 OK in 26ms (Views: 1.0ms | ActiveRecord: 8.8ms | Allocations: 1277)


Started GET "/" for ::1 at 2020-09-20 21:03:00 -0400
  [1m[35m (4.6ms)[0m  [1m[34mSELECT "schema_migrations"."version" FROM "schema_migrations" ORDER BY "schema_migrations"."version" ASC[0m
Processing by Rails::WelcomeController#index as HTML
  Rendering /Library/Ruby/Gems/2.6.0/gems/railties-6.0.3.3/lib/rails/templates/rails/welcome/index.html.erb
  Rendered /Library/Ruby/Gems/2.6.0/gems/railties-6.0.3.3/lib/rails/templates/rails/welcome/index.html.erb (Duration: 13.7ms | Allocations: 315)
Completed 200 OK in 22ms (Views: 18.1ms | ActiveRecord: 0.0ms | Allocations: 1595)


Started GET "/favicon.ico" for ::1 at 2020-09-20 21:03:01 -0400
  
ActionController::RoutingError (No route matches [GET] "/favicon.ico"):
  
actionpack (6.0.3.3) lib/action_dispatch/middleware/debug_exceptions.rb:36:in `call'
actionpack (6.0.3.3) lib/action_dispatch/middleware/show_exceptions.rb:33:in `call'
railties (6.0.3.3) lib/rails/rack/logger.rb:37:in `call_app'
railties (6.0.3.3) lib/rails/rack/logger.rb:26:in `block in call'
activesupport (6.0.3.3) lib/active_support/tagged_logging.rb:80:in `block in tagged'
activesupport (6.0.3.3) lib/active_support/tagged_logging.rb:28:in `tagged'
activesupport (6.0.3.3) lib/active_support/tagged_logging.rb:80:in `tagged'
railties (6.0.3.3) lib/rails/rack/logger.rb:26:in `call'
actionpack (6.0.3.3) lib/action_dispatch/middleware/remote_ip.rb:81:in `call'
actionpack (6.0.3.3) lib/action_dispatch/middleware/request_id.rb:27:in `call'
rack (2.2.3) lib/rack/runtime.rb:22:in `call'
activesupport (6.0.3.3) lib/active_support/cache/strategy/local_cache_middleware.rb:29:in `call'
actionpack (6.0.3.3) lib/action_dispatch/middleware/executor.rb:14:in `call'
actionpack (6.0.3.3) lib/action_dispatch/middleware/static.rb:126:in `call'
rack (2.2.3) lib/rack/sendfile.rb:110:in `call'
actionpack (6.0.3.3) lib/action_dispatch/middleware/host_authorization.rb:82:in `call'
railties (6.0.3.3) lib/rails/engine.rb:527:in `call'
puma (4.3.6) lib/puma/configuration.rb:228:in `call'
puma (4.3.6) lib/puma/server.rb:713:in `handle_request'
puma (4.3.6) lib/puma/server.rb:472:in `process_client'
puma (4.3.6) lib/puma/server.rb:328:in `block in run'
puma (4.3.6) lib/puma/thread_pool.rb:134:in `block in spawn_thread'
Started GET "/books" for ::1 at 2020-09-20 21:14:11 -0400
Processing by BooksController#index as HTML
  [1m[36mBook Load (14.1ms)[0m  [1m[34mSELECT "books".* FROM "books"[0m
  ↳ app/controllers/books_controller.rb:4:in `index'
Completed 200 OK in 151ms (Views: 85.2ms | ActiveRecord: 62.6ms | Allocations: 24072)


Started GET "/books/1" for ::1 at 2020-09-20 21:14:17 -0400
Processing by BooksController#show as HTML
  Parameters: {"id"=>"1"}
  [1m[36mBook Load (1.8ms)[0m  [1m[34mSELECT "books".* FROM "books" WHERE "books"."id" = $1 LIMIT $2[0m  [["id", 1], ["LIMIT", 1]]
  ↳ app/controllers/books_controller.rb:11:in `show'
Completed 200 OK in 17ms (Views: 0.8ms | ActiveRecord: 6.5ms | Allocations: 1261)


Started POST "/books/" for ::1 at 2020-09-20 21:16:49 -0400
Processing by BooksController#create as */*
  Parameters: {"title"=>"Blue Ocean Strategy", "author"=>"Renée Mauborgne and W. Chan Kim", "genre"=>"Non-fiction", "publisher"=>"Harvard Business Review", "publish_date"=>"2004", "book"=>{"title"=>"Blue Ocean Strategy", "author"=>"Renée Mauborgne and W. Chan Kim", "genre"=>"Non-fiction", "publisher"=>"Harvard Business Review", "publish_date"=>"2004"}}
Completed 500 Internal Server Error in 4ms (ActiveRecord: 0.0ms | Allocations: 741)


  
NoMethodError (undefined method `requied' for #<ActionController::Parameters:0x00007fcc00aaa040>
Did you mean?  required
               require):
  
app/controllers/books_controller.rb:42:in `book_params'
app/controllers/books_controller.rb:19:in `create'
Started POST "/books/" for ::1 at 2020-09-20 21:17:11 -0400
Processing by BooksController#create as */*
  Parameters: {"title"=>"Blue Ocean Strategy", "author"=>"Renée Mauborgne and W. Chan Kim", "genre"=>"Non-fiction", "publisher"=>"Harvard Business Review", "publish_date"=>"2004", "book"=>{"title"=>"Blue Ocean Strategy", "author"=>"Renée Mauborgne and W. Chan Kim", "genre"=>"Non-fiction", "publisher"=>"Harvard Business Review", "publish_date"=>"2004"}}
  [1m[35m (1.6ms)[0m  [1m[35mBEGIN[0m
  ↳ app/controllers/books_controller.rb:19:in `create'
  [1m[36mBook Create (30.4ms)[0m  [1m[32mINSERT INTO "books" ("title", "author", "genre", "publisher", "created_at", "updated_at") VALUES ($1, $2, $3, $4, $5, $6) RETURNING "id"[0m  [["title", "Blue Ocean Strategy"], ["author", "Renée Mauborgne and W. Chan Kim"], ["genre", "Non-fiction"], ["publisher", "Harvard Business Review"], ["created_at", "2020-09-21 01:17:11.461457"], ["updated_at", "2020-09-21 01:17:11.461457"]]
  ↳ app/controllers/books_controller.rb:19:in `create'
  [1m[35m (9.5ms)[0m  [1m[35mCOMMIT[0m
  ↳ app/controllers/books_controller.rb:19:in `create'
Completed 200 OK in 68ms (Views: 0.6ms | ActiveRecord: 47.8ms | Allocations: 7659)


Started GET "/books/" for ::1 at 2020-09-20 21:17:26 -0400
Processing by BooksController#index as HTML
  [1m[36mBook Load (2.7ms)[0m  [1m[34mSELECT "books".* FROM "books"[0m
  ↳ app/controllers/books_controller.rb:4:in `index'
Completed 200 OK in 52ms (Views: 48.9ms | ActiveRecord: 2.7ms | Allocations: 18083)


Started GET "/books/101" for ::1 at 2020-09-20 21:17:42 -0400
Processing by BooksController#show as HTML
  Parameters: {"id"=>"101"}
  [1m[36mBook Load (0.7ms)[0m  [1m[34mSELECT "books".* FROM "books" WHERE "books"."id" = $1 LIMIT $2[0m  [["id", 101], ["LIMIT", 1]]
  ↳ app/controllers/books_controller.rb:11:in `show'
Completed 200 OK in 5ms (Views: 0.6ms | ActiveRecord: 0.7ms | Allocations: 907)


Started GET "/books/101" for ::1 at 2020-09-20 21:17:54 -0400
Processing by BooksController#show as */*
  Parameters: {"title"=>"Blue Ocean Strategy", "author"=>"Renée Mauborgne and W. Chan Kim", "genre"=>"Non-fiction", "publisher"=>"Harvard Business Review", "publish_date"=>"2004", "id"=>"101", "book"=>{"title"=>"Blue Ocean Strategy", "author"=>"Renée Mauborgne and W. Chan Kim", "genre"=>"Non-fiction", "publisher"=>"Harvard Business Review", "publish_date"=>"2004"}}
  [1m[36mBook Load (0.4ms)[0m  [1m[34mSELECT "books".* FROM "books" WHERE "books"."id" = $1 LIMIT $2[0m  [["id", 101], ["LIMIT", 1]]
  ↳ app/controllers/books_controller.rb:11:in `show'
Completed 200 OK in 2ms (Views: 0.4ms | ActiveRecord: 0.4ms | Allocations: 832)


Started GET "/books/100" for ::1 at 2020-09-20 21:18:01 -0400
Processing by BooksController#show as */*
  Parameters: {"title"=>"Blue Ocean Strategy", "author"=>"Renée Mauborgne and W. Chan Kim", "genre"=>"Non-fiction", "publisher"=>"Harvard Business Review", "publish_date"=>"2004", "id"=>"100", "book"=>{"title"=>"Blue Ocean Strategy", "author"=>"Renée Mauborgne and W. Chan Kim", "genre"=>"Non-fiction", "publisher"=>"Harvard Business Review", "publish_date"=>"2004"}}
  [1m[36mBook Load (11.9ms)[0m  [1m[34mSELECT "books".* FROM "books" WHERE "books"."id" = $1 LIMIT $2[0m  [["id", 100], ["LIMIT", 1]]
  ↳ app/controllers/books_controller.rb:11:in `show'
Completed 200 OK in 14ms (Views: 0.5ms | ActiveRecord: 11.9ms | Allocations: 842)


Started GET "/books/101" for ::1 at 2020-09-20 21:18:09 -0400
Processing by BooksController#show as */*
  Parameters: {"title"=>"Blue Ocean Strategy", "author"=>"Renée Mauborgne and W. Chan Kim", "genre"=>"Non-fiction", "publisher"=>"Harvard Business Review", "publish_date"=>"2004", "id"=>"101", "book"=>{"title"=>"Blue Ocean Strategy", "author"=>"Renée Mauborgne and W. Chan Kim", "genre"=>"Non-fiction", "publisher"=>"Harvard Business Review", "publish_date"=>"2004"}}
  [1m[36mBook Load (3.8ms)[0m  [1m[34mSELECT "books".* FROM "books" WHERE "books"."id" = $1 LIMIT $2[0m  [["id", 101], ["LIMIT", 1]]
  ↳ app/controllers/books_controller.rb:11:in `show'
Completed 200 OK in 6ms (Views: 0.5ms | ActiveRecord: 3.8ms | Allocations: 816)


Started PUT "/books/101" for ::1 at 2020-09-20 21:19:29 -0400
Processing by BooksController#update as */*
  Parameters: {"title"=>"Blue Ocean Strategy", "author"=>"Renée Mauborgne and W. Chan Kim", "genre"=>"Non-fiction", "publisher"=>"Harvard Business Review", "publish_date"=>"2004-12-26", "id"=>"101", "book"=>{"title"=>"Blue Ocean Strategy", "author"=>"Renée Mauborgne and W. Chan Kim", "genre"=>"Non-fiction", "publisher"=>"Harvard Business Review", "publish_date"=>"2004-12-26"}}
  [1m[36mBook Load (53.3ms)[0m  [1m[34mSELECT "books".* FROM "books" WHERE "books"."id" = $1 LIMIT $2[0m  [["id", 101], ["LIMIT", 1]]
  ↳ app/controllers/books_controller.rb:24:in `update'
  [1m[35m (0.2ms)[0m  [1m[35mBEGIN[0m
  ↳ app/controllers/books_controller.rb:25:in `update'
  [1m[36mBook Update (16.7ms)[0m  [1m[33mUPDATE "books" SET "publish_date" = $1, "updated_at" = $2 WHERE "books"."id" = $3[0m  [["publish_date", "2004-12-26"], ["updated_at", "2020-09-21 01:19:29.618815"], ["id", 101]]
  ↳ app/controllers/books_controller.rb:25:in `update'
  [1m[35m (1.8ms)[0m  [1m[35mCOMMIT[0m
  ↳ app/controllers/books_controller.rb:25:in `update'
Completed 200 OK in 80ms (Views: 1.2ms | ActiveRecord: 71.9ms | Allocations: 3265)


Started DELETE "/books/101" for ::1 at 2020-09-20 21:19:39 -0400
Processing by BooksController#destroy as */*
  Parameters: {"title"=>"Blue Ocean Strategy", "author"=>"Renée Mauborgne and W. Chan Kim", "genre"=>"Non-fiction", "publisher"=>"Harvard Business Review", "publish_date"=>"2004-12-26", "id"=>"101", "book"=>{"title"=>"Blue Ocean Strategy", "author"=>"Renée Mauborgne and W. Chan Kim", "genre"=>"Non-fiction", "publisher"=>"Harvard Business Review", "publish_date"=>"2004-12-26"}}
Completed 500 Internal Server Error in 14ms (ActiveRecord: 0.0ms | Allocations: 2350)


  
NoMethodError (undefined method `destoy' for #<Class:0x00007fcbfe87f808>
Did you mean?  destroy):
  
app/controllers/books_controller.rb:33:in `destroy'
Started GET "/books/101" for ::1 at 2020-09-20 21:19:45 -0400
Processing by BooksController#show as HTML
  Parameters: {"id"=>"101"}
  [1m[36mBook Load (0.6ms)[0m  [1m[34mSELECT "books".* FROM "books" WHERE "books"."id" = $1 LIMIT $2[0m  [["id", 101], ["LIMIT", 1]]
  ↳ app/controllers/books_controller.rb:11:in `show'
Completed 200 OK in 4ms (Views: 0.7ms | ActiveRecord: 0.6ms | Allocations: 814)


Started GET "/books/" for ::1 at 2020-09-20 21:19:47 -0400
Processing by BooksController#index as HTML
  [1m[36mBook Load (1.3ms)[0m  [1m[34mSELECT "books".* FROM "books"[0m
  ↳ app/controllers/books_controller.rb:4:in `index'
Completed 200 OK in 39ms (Views: 37.3ms | ActiveRecord: 1.3ms | Allocations: 18066)


Started DELETE "/books/101" for ::1 at 2020-09-20 21:19:55 -0400
Processing by BooksController#destroy as */*
  Parameters: {"title"=>"Blue Ocean Strategy", "author"=>"Renée Mauborgne and W. Chan Kim", "genre"=>"Non-fiction", "publisher"=>"Harvard Business Review", "publish_date"=>"2004-12-26", "id"=>"101", "book"=>{"title"=>"Blue Ocean Strategy", "author"=>"Renée Mauborgne and W. Chan Kim", "genre"=>"Non-fiction", "publisher"=>"Harvard Business Review", "publish_date"=>"2004-12-26"}}
Completed 500 Internal Server Error in 8ms (ActiveRecord: 0.0ms | Allocations: 2347)


  
NoMethodError (undefined method `destoy' for #<Class:0x00007fcbfe87f808>
Did you mean?  destroy):
  
app/controllers/books_controller.rb:33:in `destroy'
Started DELETE "/books/101" for ::1 at 2020-09-20 21:20:27 -0400
Processing by BooksController#destroy as */*
  Parameters: {"title"=>"Blue Ocean Strategy", "author"=>"Renée Mauborgne and W. Chan Kim", "genre"=>"Non-fiction", "publisher"=>"Harvard Business Review", "publish_date"=>"2004-12-26", "id"=>"101", "book"=>{"title"=>"Blue Ocean Strategy", "author"=>"Renée Mauborgne and W. Chan Kim", "genre"=>"Non-fiction", "publisher"=>"Harvard Business Review", "publish_date"=>"2004-12-26"}}
  [1m[36mBook Load (0.3ms)[0m  [1m[34mSELECT "books".* FROM "books" WHERE "books"."id" = $1 LIMIT $2[0m  [["id", 101], ["LIMIT", 1]]
  ↳ app/controllers/books_controller.rb:33:in `destroy'
  [1m[35m (0.3ms)[0m  [1m[35mBEGIN[0m
  ↳ app/controllers/books_controller.rb:33:in `destroy'
  [1m[36mBook Destroy (1.7ms)[0m  [1m[31mDELETE FROM "books" WHERE "books"."id" = $1[0m  [["id", 101]]
  ↳ app/controllers/books_controller.rb:33:in `destroy'
  [1m[35m (1.0ms)[0m  [1m[35mCOMMIT[0m
  ↳ app/controllers/books_controller.rb:33:in `destroy'
Completed 200 OK in 26ms (Views: 0.4ms | ActiveRecord: 10.2ms | Allocations: 7459)


